[2023-05-05 17:08:24] local.ERROR: Class "Tymon\JWTAuth\Providers\JWT\LumenServiceProvider" not found {"exception":"[object] (Error(code: 0): Class \"Tymon\\JWTAuth\\Providers\\JWT\\LumenServiceProvider\" not found at /var/www/html/src/api/vendor/laravel/lumen-framework/src/Application.php:250)
[stacktrace]
#0 /var/www/html/src/api/bootstrap/app.php(110): Laravel\\Lumen\\Application->register('Tymon\\\\JWTAuth\\\\P...')
#1 /var/www/html/src/api/artisan(18): require('/var/www/html/s...')
#2 {main}
"} 
[2023-05-05 17:14:11] local.ERROR: Class "Tymon\JWTAuth\Providers\JWT\LumenServiceProvider" not found {"exception":"[object] (Error(code: 0): Class \"Tymon\\JWTAuth\\Providers\\JWT\\LumenServiceProvider\" not found at /var/www/html/src/api/vendor/laravel/lumen-framework/src/Application.php:250)
[stacktrace]
#0 /var/www/html/src/api/bootstrap/app.php(110): Laravel\\Lumen\\Application->register('Tymon\\\\JWTAuth\\\\P...')
#1 /var/www/html/src/api/index.php(14): require('/var/www/html/s...')
#2 {main}
"} 
[2023-05-05 17:17:58] local.ERROR: Class "Tymon\JWTAuth\Providers\JWT\LumenServiceProvider" not found {"exception":"[object] (Error(code: 0): Class \"Tymon\\JWTAuth\\Providers\\JWT\\LumenServiceProvider\" not found at /var/www/html/src/api/vendor/laravel/lumen-framework/src/Application.php:250)
[stacktrace]
#0 /var/www/html/src/api/bootstrap/app.php(110): Laravel\\Lumen\\Application->register('Tymon\\\\JWTAuth\\\\P...')
#1 /var/www/html/src/api/index.php(14): require('/var/www/html/s...')
#2 {main}
"} 
[2023-05-05 17:18:01] local.ERROR: Class "Tymon\JWTAuth\Providers\JWT\LumenServiceProvider" not found {"exception":"[object] (Error(code: 0): Class \"Tymon\\JWTAuth\\Providers\\JWT\\LumenServiceProvider\" not found at /var/www/html/src/api/vendor/laravel/lumen-framework/src/Application.php:250)
[stacktrace]
#0 /var/www/html/src/api/bootstrap/app.php(110): Laravel\\Lumen\\Application->register('Tymon\\\\JWTAuth\\\\P...')
#1 /var/www/html/src/api/index.php(14): require('/var/www/html/s...')
#2 {main}
"} 
[2023-05-05 17:21:31] local.ERROR: Command "autoload" is not defined. {"exception":"[object] (Symfony\\Component\\Console\\Exception\\CommandNotFoundException(code: 0): Command \"autoload\" is not defined. at /var/www/html/src/api/vendor/symfony/console/Application.php:702)
[stacktrace]
#0 /var/www/html/src/api/vendor/symfony/console/Application.php(256): Symfony\\Component\\Console\\Application->find('autoload')
#1 /var/www/html/src/api/vendor/symfony/console/Application.php(168): Symfony\\Component\\Console\\Application->doRun(Object(Symfony\\Component\\Console\\Input\\ArgvInput), Object(Symfony\\Component\\Console\\Output\\ConsoleOutput))
#2 /var/www/html/src/api/vendor/laravel/lumen-framework/src/Console/Kernel.php(116): Symfony\\Component\\Console\\Application->run(Object(Symfony\\Component\\Console\\Input\\ArgvInput), Object(Symfony\\Component\\Console\\Output\\ConsoleOutput))
#3 /var/www/html/src/api/artisan(35): Laravel\\Lumen\\Console\\Kernel->handle(Object(Symfony\\Component\\Console\\Input\\ArgvInput), Object(Symfony\\Component\\Console\\Output\\ConsoleOutput))
#4 {main}
"} 
[2023-05-05 17:21:52] local.ERROR: Command "dump-autoload" is not defined. {"exception":"[object] (Symfony\\Component\\Console\\Exception\\CommandNotFoundException(code: 0): Command \"dump-autoload\" is not defined. at /var/www/html/src/api/vendor/symfony/console/Application.php:702)
[stacktrace]
#0 /var/www/html/src/api/vendor/symfony/console/Application.php(256): Symfony\\Component\\Console\\Application->find('dump-autoload')
#1 /var/www/html/src/api/vendor/symfony/console/Application.php(168): Symfony\\Component\\Console\\Application->doRun(Object(Symfony\\Component\\Console\\Input\\ArgvInput), Object(Symfony\\Component\\Console\\Output\\ConsoleOutput))
#2 /var/www/html/src/api/vendor/laravel/lumen-framework/src/Console/Kernel.php(116): Symfony\\Component\\Console\\Application->run(Object(Symfony\\Component\\Console\\Input\\ArgvInput), Object(Symfony\\Component\\Console\\Output\\ConsoleOutput))
#3 /var/www/html/src/api/artisan(35): Laravel\\Lumen\\Console\\Kernel->handle(Object(Symfony\\Component\\Console\\Input\\ArgvInput), Object(Symfony\\Component\\Console\\Output\\ConsoleOutput))
#4 {main}
"} 
[2023-05-05 17:22:41] local.ERROR: SQLSTATE[42S02]: Base table or view not found: 1146 Table 'hotelinking_db.users' doesn't exist (Connection: mysql, SQL: select * from `users`) {"exception":"[object] (Illuminate\\Database\\QueryException(code: 42S02): SQLSTATE[42S02]: Base table or view not found: 1146 Table 'hotelinking_db.users' doesn't exist (Connection: mysql, SQL: select * from `users`) at /var/www/html/src/api/vendor/illuminate/database/Connection.php:793)
[stacktrace]
#0 /var/www/html/src/api/vendor/illuminate/database/Connection.php(753): Illuminate\\Database\\Connection->runQueryCallback('select * from `...', Array, Object(Closure))
#1 /var/www/html/src/api/vendor/illuminate/database/Connection.php(422): Illuminate\\Database\\Connection->run('select * from `...', Array, Object(Closure))
#2 /var/www/html/src/api/vendor/illuminate/database/Query/Builder.php(2719): Illuminate\\Database\\Connection->select('select * from `...', Array, true)
#3 /var/www/html/src/api/vendor/illuminate/database/Query/Builder.php(2707): Illuminate\\Database\\Query\\Builder->runSelect()
#4 /var/www/html/src/api/vendor/illuminate/database/Query/Builder.php(3248): Illuminate\\Database\\Query\\Builder->Illuminate\\Database\\Query\\{closure}()
#5 /var/www/html/src/api/vendor/illuminate/database/Query/Builder.php(2708): Illuminate\\Database\\Query\\Builder->onceWithColumns(Array, Object(Closure))
#6 /var/www/html/src/api/vendor/illuminate/database/Eloquent/Builder.php(717): Illuminate\\Database\\Query\\Builder->get(Array)
#7 /var/www/html/src/api/vendor/illuminate/database/Eloquent/Builder.php(701): Illuminate\\Database\\Eloquent\\Builder->getModels(Array)
#8 /var/www/html/src/api/vendor/illuminate/database/Eloquent/Model.php(675): Illuminate\\Database\\Eloquent\\Builder->get(Array)
#9 /var/www/html/src/api/app/Services/UserServices.php(16): Illuminate\\Database\\Eloquent\\Model::all()
#10 /var/www/html/src/api/app/Http/Controllers/UserController.php(24): App\\Services\\UserServices->getAll()
#11 /var/www/html/src/api/vendor/illuminate/container/BoundMethod.php(36): App\\Http\\Controllers\\UserController->getAll()
#12 /var/www/html/src/api/vendor/illuminate/container/Util.php(41): Illuminate\\Container\\BoundMethod::Illuminate\\Container\\{closure}()
#13 /var/www/html/src/api/vendor/illuminate/container/BoundMethod.php(93): Illuminate\\Container\\Util::unwrapIfClosure(Object(Closure))
#14 /var/www/html/src/api/vendor/illuminate/container/BoundMethod.php(37): Illuminate\\Container\\BoundMethod::callBoundMethod(Object(Laravel\\Lumen\\Application), Array, Object(Closure))
#15 /var/www/html/src/api/vendor/illuminate/container/Container.php(662): Illuminate\\Container\\BoundMethod::call(Object(Laravel\\Lumen\\Application), Array, Array, NULL)
#16 /var/www/html/src/api/vendor/laravel/lumen-framework/src/Concerns/RoutesRequests.php(391): Illuminate\\Container\\Container->call(Array, Array)
#17 /var/www/html/src/api/vendor/laravel/lumen-framework/src/Concerns/RoutesRequests.php(357): Laravel\\Lumen\\Application->callControllerCallable(Array, Array)
#18 /var/www/html/src/api/vendor/laravel/lumen-framework/src/Concerns/RoutesRequests.php(331): Laravel\\Lumen\\Application->callLumenController(Object(App\\Http\\Controllers\\UserController), 'getAll', Array)
#19 /var/www/html/src/api/vendor/laravel/lumen-framework/src/Concerns/RoutesRequests.php(284): Laravel\\Lumen\\Application->callControllerAction(Array)
#20 /var/www/html/src/api/vendor/laravel/lumen-framework/src/Concerns/RoutesRequests.php(269): Laravel\\Lumen\\Application->callActionOnArrayBasedRoute(Array)
#21 /var/www/html/src/api/vendor/laravel/lumen-framework/src/Concerns/RoutesRequests.php(171): Laravel\\Lumen\\Application->handleFoundRoute(Array)
#22 /var/www/html/src/api/vendor/laravel/lumen-framework/src/Concerns/RoutesRequests.php(431): Laravel\\Lumen\\Application->Laravel\\Lumen\\Concerns\\{closure}(Object(Illuminate\\Http\\Request))
#23 /var/www/html/src/api/vendor/laravel/lumen-framework/src/Concerns/RoutesRequests.php(177): Laravel\\Lumen\\Application->sendThroughPipeline(Array, Object(Closure))
#24 /var/www/html/src/api/vendor/laravel/lumen-framework/src/Concerns/RoutesRequests.php(95): Laravel\\Lumen\\Application->dispatch(Object(Illuminate\\Http\\Request))
#25 /var/www/html/src/api/index.php(30): Laravel\\Lumen\\Application->handle(Object(Illuminate\\Http\\Request))
#26 {main}

[previous exception] [object] (PDOException(code: 42S02): SQLSTATE[42S02]: Base table or view not found: 1146 Table 'hotelinking_db.users' doesn't exist at /var/www/html/src/api/vendor/illuminate/database/Connection.php:414)
[stacktrace]
#0 /var/www/html/src/api/vendor/illuminate/database/Connection.php(414): PDO->prepare('select * from `...')
#1 /var/www/html/src/api/vendor/illuminate/database/Connection.php(786): Illuminate\\Database\\Connection->Illuminate\\Database\\{closure}('select * from `...', Array)
#2 /var/www/html/src/api/vendor/illuminate/database/Connection.php(753): Illuminate\\Database\\Connection->runQueryCallback('select * from `...', Array, Object(Closure))
#3 /var/www/html/src/api/vendor/illuminate/database/Connection.php(422): Illuminate\\Database\\Connection->run('select * from `...', Array, Object(Closure))
#4 /var/www/html/src/api/vendor/illuminate/database/Query/Builder.php(2719): Illuminate\\Database\\Connection->select('select * from `...', Array, true)
#5 /var/www/html/src/api/vendor/illuminate/database/Query/Builder.php(2707): Illuminate\\Database\\Query\\Builder->runSelect()
#6 /var/www/html/src/api/vendor/illuminate/database/Query/Builder.php(3248): Illuminate\\Database\\Query\\Builder->Illuminate\\Database\\Query\\{closure}()
#7 /var/www/html/src/api/vendor/illuminate/database/Query/Builder.php(2708): Illuminate\\Database\\Query\\Builder->onceWithColumns(Array, Object(Closure))
#8 /var/www/html/src/api/vendor/illuminate/database/Eloquent/Builder.php(717): Illuminate\\Database\\Query\\Builder->get(Array)
#9 /var/www/html/src/api/vendor/illuminate/database/Eloquent/Builder.php(701): Illuminate\\Database\\Eloquent\\Builder->getModels(Array)
#10 /var/www/html/src/api/vendor/illuminate/database/Eloquent/Model.php(675): Illuminate\\Database\\Eloquent\\Builder->get(Array)
#11 /var/www/html/src/api/app/Services/UserServices.php(16): Illuminate\\Database\\Eloquent\\Model::all()
#12 /var/www/html/src/api/app/Http/Controllers/UserController.php(24): App\\Services\\UserServices->getAll()
#13 /var/www/html/src/api/vendor/illuminate/container/BoundMethod.php(36): App\\Http\\Controllers\\UserController->getAll()
#14 /var/www/html/src/api/vendor/illuminate/container/Util.php(41): Illuminate\\Container\\BoundMethod::Illuminate\\Container\\{closure}()
#15 /var/www/html/src/api/vendor/illuminate/container/BoundMethod.php(93): Illuminate\\Container\\Util::unwrapIfClosure(Object(Closure))
#16 /var/www/html/src/api/vendor/illuminate/container/BoundMethod.php(37): Illuminate\\Container\\BoundMethod::callBoundMethod(Object(Laravel\\Lumen\\Application), Array, Object(Closure))
#17 /var/www/html/src/api/vendor/illuminate/container/Container.php(662): Illuminate\\Container\\BoundMethod::call(Object(Laravel\\Lumen\\Application), Array, Array, NULL)
#18 /var/www/html/src/api/vendor/laravel/lumen-framework/src/Concerns/RoutesRequests.php(391): Illuminate\\Container\\Container->call(Array, Array)
#19 /var/www/html/src/api/vendor/laravel/lumen-framework/src/Concerns/RoutesRequests.php(357): Laravel\\Lumen\\Application->callControllerCallable(Array, Array)
#20 /var/www/html/src/api/vendor/laravel/lumen-framework/src/Concerns/RoutesRequests.php(331): Laravel\\Lumen\\Application->callLumenController(Object(App\\Http\\Controllers\\UserController), 'getAll', Array)
#21 /var/www/html/src/api/vendor/laravel/lumen-framework/src/Concerns/RoutesRequests.php(284): Laravel\\Lumen\\Application->callControllerAction(Array)
#22 /var/www/html/src/api/vendor/laravel/lumen-framework/src/Concerns/RoutesRequests.php(269): Laravel\\Lumen\\Application->callActionOnArrayBasedRoute(Array)
#23 /var/www/html/src/api/vendor/laravel/lumen-framework/src/Concerns/RoutesRequests.php(171): Laravel\\Lumen\\Application->handleFoundRoute(Array)
#24 /var/www/html/src/api/vendor/laravel/lumen-framework/src/Concerns/RoutesRequests.php(431): Laravel\\Lumen\\Application->Laravel\\Lumen\\Concerns\\{closure}(Object(Illuminate\\Http\\Request))
#25 /var/www/html/src/api/vendor/laravel/lumen-framework/src/Concerns/RoutesRequests.php(177): Laravel\\Lumen\\Application->sendThroughPipeline(Array, Object(Closure))
#26 /var/www/html/src/api/vendor/laravel/lumen-framework/src/Concerns/RoutesRequests.php(95): Laravel\\Lumen\\Application->dispatch(Object(Illuminate\\Http\\Request))
#27 /var/www/html/src/api/index.php(30): Laravel\\Lumen\\Application->handle(Object(Illuminate\\Http\\Request))
#28 {main}
"} 
[2023-05-05 17:26:09] local.ERROR: Class "Tymon\JWTAuth\Providers\JWT\LumenServiceProvider" not found {"exception":"[object] (Error(code: 0): Class \"Tymon\\JWTAuth\\Providers\\JWT\\LumenServiceProvider\" not found at /var/www/html/src/api/vendor/laravel/lumen-framework/src/Application.php:250)
[stacktrace]
#0 /var/www/html/src/api/bootstrap/app.php(110): Laravel\\Lumen\\Application->register('Tymon\\\\JWTAuth\\\\P...')
#1 /var/www/html/src/api/index.php(14): require('/var/www/html/s...')
#2 {main}
"} 
[2023-05-05 17:32:02] local.ERROR: Undefined array key "password" {"exception":"[object] (ErrorException(code: 0): Undefined array key \"password\" at /var/www/html/src/api/app/Models/User.php:17)
[stacktrace]
#0 /var/www/html/src/api/vendor/laravel/lumen-framework/src/Concerns/RegistersExceptionHandlers.php(47): Laravel\\Lumen\\Application->handleError(2, 'Undefined array...', '/var/www/html/s...', 17)
#1 /var/www/html/src/api/app/Models/User.php(17): Laravel\\Lumen\\Application->Laravel\\Lumen\\Concerns\\{closure}(2, 'Undefined array...', '/var/www/html/s...', 17)
#2 /var/www/html/src/api/vendor/illuminate/database/Eloquent/Model.php(2347): App\\Models\\User->__construct()
#3 /var/www/html/src/api/app/Services/UserServices.php(12): Illuminate\\Database\\Eloquent\\Model::__callStatic('create', Array)
#4 /var/www/html/src/api/app/Http/Controllers/UserController.php(19): App\\Services\\UserServices->create(Array)
#5 /var/www/html/src/api/vendor/illuminate/container/BoundMethod.php(36): App\\Http\\Controllers\\UserController->register(Object(Illuminate\\Http\\Request))
#6 /var/www/html/src/api/vendor/illuminate/container/Util.php(41): Illuminate\\Container\\BoundMethod::Illuminate\\Container\\{closure}()
#7 /var/www/html/src/api/vendor/illuminate/container/BoundMethod.php(93): Illuminate\\Container\\Util::unwrapIfClosure(Object(Closure))
#8 /var/www/html/src/api/vendor/illuminate/container/BoundMethod.php(37): Illuminate\\Container\\BoundMethod::callBoundMethod(Object(Laravel\\Lumen\\Application), Array, Object(Closure))
#9 /var/www/html/src/api/vendor/illuminate/container/Container.php(662): Illuminate\\Container\\BoundMethod::call(Object(Laravel\\Lumen\\Application), Array, Array, NULL)
#10 /var/www/html/src/api/vendor/laravel/lumen-framework/src/Concerns/RoutesRequests.php(391): Illuminate\\Container\\Container->call(Array, Array)
#11 /var/www/html/src/api/vendor/laravel/lumen-framework/src/Concerns/RoutesRequests.php(357): Laravel\\Lumen\\Application->callControllerCallable(Array, Array)
#12 /var/www/html/src/api/vendor/laravel/lumen-framework/src/Concerns/RoutesRequests.php(331): Laravel\\Lumen\\Application->callLumenController(Object(App\\Http\\Controllers\\UserController), 'register', Array)
#13 /var/www/html/src/api/vendor/laravel/lumen-framework/src/Concerns/RoutesRequests.php(284): Laravel\\Lumen\\Application->callControllerAction(Array)
#14 /var/www/html/src/api/vendor/laravel/lumen-framework/src/Concerns/RoutesRequests.php(269): Laravel\\Lumen\\Application->callActionOnArrayBasedRoute(Array)
#15 /var/www/html/src/api/vendor/laravel/lumen-framework/src/Concerns/RoutesRequests.php(171): Laravel\\Lumen\\Application->handleFoundRoute(Array)
#16 /var/www/html/src/api/vendor/laravel/lumen-framework/src/Concerns/RoutesRequests.php(431): Laravel\\Lumen\\Application->Laravel\\Lumen\\Concerns\\{closure}(Object(Illuminate\\Http\\Request))
#17 /var/www/html/src/api/vendor/laravel/lumen-framework/src/Concerns/RoutesRequests.php(177): Laravel\\Lumen\\Application->sendThroughPipeline(Array, Object(Closure))
#18 /var/www/html/src/api/vendor/laravel/lumen-framework/src/Concerns/RoutesRequests.php(95): Laravel\\Lumen\\Application->dispatch(Object(Illuminate\\Http\\Request))
#19 /var/www/html/src/api/index.php(30): Laravel\\Lumen\\Application->handle(Object(Illuminate\\Http\\Request))
#20 {main}
"} 
[2023-05-05 17:34:41] local.ERROR: Undefined array key "password" {"exception":"[object] (ErrorException(code: 0): Undefined array key \"password\" at /var/www/html/src/api/app/Models/User.php:17)
[stacktrace]
#0 /var/www/html/src/api/vendor/laravel/lumen-framework/src/Concerns/RegistersExceptionHandlers.php(47): Laravel\\Lumen\\Application->handleError(2, 'Undefined array...', '/var/www/html/s...', 17)
#1 /var/www/html/src/api/app/Models/User.php(17): Laravel\\Lumen\\Application->Laravel\\Lumen\\Concerns\\{closure}(2, 'Undefined array...', '/var/www/html/s...', 17)
#2 /var/www/html/src/api/vendor/illuminate/database/Eloquent/Model.php(2347): App\\Models\\User->__construct()
#3 /var/www/html/src/api/app/Services/UserServices.php(12): Illuminate\\Database\\Eloquent\\Model::__callStatic('create', Array)
#4 /var/www/html/src/api/app/Http/Controllers/UserController.php(19): App\\Services\\UserServices->create(Array)
#5 /var/www/html/src/api/vendor/illuminate/container/BoundMethod.php(36): App\\Http\\Controllers\\UserController->register(Object(Illuminate\\Http\\Request))
#6 /var/www/html/src/api/vendor/illuminate/container/Util.php(41): Illuminate\\Container\\BoundMethod::Illuminate\\Container\\{closure}()
#7 /var/www/html/src/api/vendor/illuminate/container/BoundMethod.php(93): Illuminate\\Container\\Util::unwrapIfClosure(Object(Closure))
#8 /var/www/html/src/api/vendor/illuminate/container/BoundMethod.php(37): Illuminate\\Container\\BoundMethod::callBoundMethod(Object(Laravel\\Lumen\\Application), Array, Object(Closure))
#9 /var/www/html/src/api/vendor/illuminate/container/Container.php(662): Illuminate\\Container\\BoundMethod::call(Object(Laravel\\Lumen\\Application), Array, Array, NULL)
#10 /var/www/html/src/api/vendor/laravel/lumen-framework/src/Concerns/RoutesRequests.php(391): Illuminate\\Container\\Container->call(Array, Array)
#11 /var/www/html/src/api/vendor/laravel/lumen-framework/src/Concerns/RoutesRequests.php(357): Laravel\\Lumen\\Application->callControllerCallable(Array, Array)
#12 /var/www/html/src/api/vendor/laravel/lumen-framework/src/Concerns/RoutesRequests.php(331): Laravel\\Lumen\\Application->callLumenController(Object(App\\Http\\Controllers\\UserController), 'register', Array)
#13 /var/www/html/src/api/vendor/laravel/lumen-framework/src/Concerns/RoutesRequests.php(284): Laravel\\Lumen\\Application->callControllerAction(Array)
#14 /var/www/html/src/api/vendor/laravel/lumen-framework/src/Concerns/RoutesRequests.php(269): Laravel\\Lumen\\Application->callActionOnArrayBasedRoute(Array)
#15 /var/www/html/src/api/vendor/laravel/lumen-framework/src/Concerns/RoutesRequests.php(171): Laravel\\Lumen\\Application->handleFoundRoute(Array)
#16 /var/www/html/src/api/vendor/laravel/lumen-framework/src/Concerns/RoutesRequests.php(431): Laravel\\Lumen\\Application->Laravel\\Lumen\\Concerns\\{closure}(Object(Illuminate\\Http\\Request))
#17 /var/www/html/src/api/vendor/laravel/lumen-framework/src/Concerns/RoutesRequests.php(177): Laravel\\Lumen\\Application->sendThroughPipeline(Array, Object(Closure))
#18 /var/www/html/src/api/vendor/laravel/lumen-framework/src/Concerns/RoutesRequests.php(95): Laravel\\Lumen\\Application->dispatch(Object(Illuminate\\Http\\Request))
#19 /var/www/html/src/api/index.php(30): Laravel\\Lumen\\Application->handle(Object(Illuminate\\Http\\Request))
#20 {main}
"} 
[2023-05-05 17:35:06] local.ERROR: Array to string conversion {"exception":"[object] (ErrorException(code: 0): Array to string conversion at /var/www/html/src/api/app/Models/User.php:17)
[stacktrace]
#0 /var/www/html/src/api/vendor/laravel/lumen-framework/src/Concerns/RegistersExceptionHandlers.php(47): Laravel\\Lumen\\Application->handleError(2, 'Array to string...', '/var/www/html/s...', 17)
#1 /var/www/html/src/api/app/Models/User.php(17): Laravel\\Lumen\\Application->Laravel\\Lumen\\Concerns\\{closure}(2, 'Array to string...', '/var/www/html/s...', 17)
#2 /var/www/html/src/api/vendor/illuminate/database/Eloquent/Model.php(2347): App\\Models\\User->__construct()
#3 /var/www/html/src/api/app/Services/UserServices.php(12): Illuminate\\Database\\Eloquent\\Model::__callStatic('create', Array)
#4 /var/www/html/src/api/app/Http/Controllers/UserController.php(19): App\\Services\\UserServices->create(Array)
#5 /var/www/html/src/api/vendor/illuminate/container/BoundMethod.php(36): App\\Http\\Controllers\\UserController->register(Object(Illuminate\\Http\\Request))
#6 /var/www/html/src/api/vendor/illuminate/container/Util.php(41): Illuminate\\Container\\BoundMethod::Illuminate\\Container\\{closure}()
#7 /var/www/html/src/api/vendor/illuminate/container/BoundMethod.php(93): Illuminate\\Container\\Util::unwrapIfClosure(Object(Closure))
#8 /var/www/html/src/api/vendor/illuminate/container/BoundMethod.php(37): Illuminate\\Container\\BoundMethod::callBoundMethod(Object(Laravel\\Lumen\\Application), Array, Object(Closure))
#9 /var/www/html/src/api/vendor/illuminate/container/Container.php(662): Illuminate\\Container\\BoundMethod::call(Object(Laravel\\Lumen\\Application), Array, Array, NULL)
#10 /var/www/html/src/api/vendor/laravel/lumen-framework/src/Concerns/RoutesRequests.php(391): Illuminate\\Container\\Container->call(Array, Array)
#11 /var/www/html/src/api/vendor/laravel/lumen-framework/src/Concerns/RoutesRequests.php(357): Laravel\\Lumen\\Application->callControllerCallable(Array, Array)
#12 /var/www/html/src/api/vendor/laravel/lumen-framework/src/Concerns/RoutesRequests.php(331): Laravel\\Lumen\\Application->callLumenController(Object(App\\Http\\Controllers\\UserController), 'register', Array)
#13 /var/www/html/src/api/vendor/laravel/lumen-framework/src/Concerns/RoutesRequests.php(284): Laravel\\Lumen\\Application->callControllerAction(Array)
#14 /var/www/html/src/api/vendor/laravel/lumen-framework/src/Concerns/RoutesRequests.php(269): Laravel\\Lumen\\Application->callActionOnArrayBasedRoute(Array)
#15 /var/www/html/src/api/vendor/laravel/lumen-framework/src/Concerns/RoutesRequests.php(171): Laravel\\Lumen\\Application->handleFoundRoute(Array)
#16 /var/www/html/src/api/vendor/laravel/lumen-framework/src/Concerns/RoutesRequests.php(431): Laravel\\Lumen\\Application->Laravel\\Lumen\\Concerns\\{closure}(Object(Illuminate\\Http\\Request))
#17 /var/www/html/src/api/vendor/laravel/lumen-framework/src/Concerns/RoutesRequests.php(177): Laravel\\Lumen\\Application->sendThroughPipeline(Array, Object(Closure))
#18 /var/www/html/src/api/vendor/laravel/lumen-framework/src/Concerns/RoutesRequests.php(95): Laravel\\Lumen\\Application->dispatch(Object(Illuminate\\Http\\Request))
#19 /var/www/html/src/api/index.php(30): Laravel\\Lumen\\Application->handle(Object(Illuminate\\Http\\Request))
#20 {main}
"} 
[2023-05-05 17:35:57] local.ERROR: Array to string conversion {"exception":"[object] (ErrorException(code: 0): Array to string conversion at /var/www/html/src/api/app/Models/User.php:17)
[stacktrace]
#0 /var/www/html/src/api/vendor/laravel/lumen-framework/src/Concerns/RegistersExceptionHandlers.php(47): Laravel\\Lumen\\Application->handleError(2, 'Array to string...', '/var/www/html/s...', 17)
#1 /var/www/html/src/api/app/Models/User.php(17): Laravel\\Lumen\\Application->Laravel\\Lumen\\Concerns\\{closure}(2, 'Array to string...', '/var/www/html/s...', 17)
#2 /var/www/html/src/api/vendor/illuminate/database/Eloquent/Model.php(2347): App\\Models\\User->__construct()
#3 /var/www/html/src/api/app/Services/UserServices.php(12): Illuminate\\Database\\Eloquent\\Model::__callStatic('create', Array)
#4 /var/www/html/src/api/app/Http/Controllers/UserController.php(19): App\\Services\\UserServices->create(Array)
#5 /var/www/html/src/api/vendor/illuminate/container/BoundMethod.php(36): App\\Http\\Controllers\\UserController->register(Object(Illuminate\\Http\\Request))
#6 /var/www/html/src/api/vendor/illuminate/container/Util.php(41): Illuminate\\Container\\BoundMethod::Illuminate\\Container\\{closure}()
#7 /var/www/html/src/api/vendor/illuminate/container/BoundMethod.php(93): Illuminate\\Container\\Util::unwrapIfClosure(Object(Closure))
#8 /var/www/html/src/api/vendor/illuminate/container/BoundMethod.php(37): Illuminate\\Container\\BoundMethod::callBoundMethod(Object(Laravel\\Lumen\\Application), Array, Object(Closure))
#9 /var/www/html/src/api/vendor/illuminate/container/Container.php(662): Illuminate\\Container\\BoundMethod::call(Object(Laravel\\Lumen\\Application), Array, Array, NULL)
#10 /var/www/html/src/api/vendor/laravel/lumen-framework/src/Concerns/RoutesRequests.php(391): Illuminate\\Container\\Container->call(Array, Array)
#11 /var/www/html/src/api/vendor/laravel/lumen-framework/src/Concerns/RoutesRequests.php(357): Laravel\\Lumen\\Application->callControllerCallable(Array, Array)
#12 /var/www/html/src/api/vendor/laravel/lumen-framework/src/Concerns/RoutesRequests.php(331): Laravel\\Lumen\\Application->callLumenController(Object(App\\Http\\Controllers\\UserController), 'register', Array)
#13 /var/www/html/src/api/vendor/laravel/lumen-framework/src/Concerns/RoutesRequests.php(284): Laravel\\Lumen\\Application->callControllerAction(Array)
#14 /var/www/html/src/api/vendor/laravel/lumen-framework/src/Concerns/RoutesRequests.php(269): Laravel\\Lumen\\Application->callActionOnArrayBasedRoute(Array)
#15 /var/www/html/src/api/vendor/laravel/lumen-framework/src/Concerns/RoutesRequests.php(171): Laravel\\Lumen\\Application->handleFoundRoute(Array)
#16 /var/www/html/src/api/vendor/laravel/lumen-framework/src/Concerns/RoutesRequests.php(431): Laravel\\Lumen\\Application->Laravel\\Lumen\\Concerns\\{closure}(Object(Illuminate\\Http\\Request))
#17 /var/www/html/src/api/vendor/laravel/lumen-framework/src/Concerns/RoutesRequests.php(177): Laravel\\Lumen\\Application->sendThroughPipeline(Array, Object(Closure))
#18 /var/www/html/src/api/vendor/laravel/lumen-framework/src/Concerns/RoutesRequests.php(95): Laravel\\Lumen\\Application->dispatch(Object(Illuminate\\Http\\Request))
#19 /var/www/html/src/api/index.php(30): Laravel\\Lumen\\Application->handle(Object(Illuminate\\Http\\Request))
#20 {main}
"} 
[2023-05-05 17:36:37] local.ERROR: Undefined array key "weqssssdwa" {"exception":"[object] (ErrorException(code: 0): Undefined array key \"weqssssdwa\" at /var/www/html/src/api/app/Models/User.php:18)
[stacktrace]
#0 /var/www/html/src/api/vendor/laravel/lumen-framework/src/Concerns/RegistersExceptionHandlers.php(47): Laravel\\Lumen\\Application->handleError(2, 'Undefined array...', '/var/www/html/s...', 18)
#1 /var/www/html/src/api/app/Models/User.php(18): Laravel\\Lumen\\Application->Laravel\\Lumen\\Concerns\\{closure}(2, 'Undefined array...', '/var/www/html/s...', 18)
#2 /var/www/html/src/api/vendor/illuminate/database/Eloquent/Model.php(2347): App\\Models\\User->__construct()
#3 /var/www/html/src/api/app/Services/UserServices.php(12): Illuminate\\Database\\Eloquent\\Model::__callStatic('create', Array)
#4 /var/www/html/src/api/app/Http/Controllers/UserController.php(19): App\\Services\\UserServices->create(Array)
#5 /var/www/html/src/api/vendor/illuminate/container/BoundMethod.php(36): App\\Http\\Controllers\\UserController->register(Object(Illuminate\\Http\\Request))
#6 /var/www/html/src/api/vendor/illuminate/container/Util.php(41): Illuminate\\Container\\BoundMethod::Illuminate\\Container\\{closure}()
#7 /var/www/html/src/api/vendor/illuminate/container/BoundMethod.php(93): Illuminate\\Container\\Util::unwrapIfClosure(Object(Closure))
#8 /var/www/html/src/api/vendor/illuminate/container/BoundMethod.php(37): Illuminate\\Container\\BoundMethod::callBoundMethod(Object(Laravel\\Lumen\\Application), Array, Object(Closure))
#9 /var/www/html/src/api/vendor/illuminate/container/Container.php(662): Illuminate\\Container\\BoundMethod::call(Object(Laravel\\Lumen\\Application), Array, Array, NULL)
#10 /var/www/html/src/api/vendor/laravel/lumen-framework/src/Concerns/RoutesRequests.php(391): Illuminate\\Container\\Container->call(Array, Array)
#11 /var/www/html/src/api/vendor/laravel/lumen-framework/src/Concerns/RoutesRequests.php(357): Laravel\\Lumen\\Application->callControllerCallable(Array, Array)
#12 /var/www/html/src/api/vendor/laravel/lumen-framework/src/Concerns/RoutesRequests.php(331): Laravel\\Lumen\\Application->callLumenController(Object(App\\Http\\Controllers\\UserController), 'register', Array)
#13 /var/www/html/src/api/vendor/laravel/lumen-framework/src/Concerns/RoutesRequests.php(284): Laravel\\Lumen\\Application->callControllerAction(Array)
#14 /var/www/html/src/api/vendor/laravel/lumen-framework/src/Concerns/RoutesRequests.php(269): Laravel\\Lumen\\Application->callActionOnArrayBasedRoute(Array)
#15 /var/www/html/src/api/vendor/laravel/lumen-framework/src/Concerns/RoutesRequests.php(171): Laravel\\Lumen\\Application->handleFoundRoute(Array)
#16 /var/www/html/src/api/vendor/laravel/lumen-framework/src/Concerns/RoutesRequests.php(431): Laravel\\Lumen\\Application->Laravel\\Lumen\\Concerns\\{closure}(Object(Illuminate\\Http\\Request))
#17 /var/www/html/src/api/vendor/laravel/lumen-framework/src/Concerns/RoutesRequests.php(177): Laravel\\Lumen\\Application->sendThroughPipeline(Array, Object(Closure))
#18 /var/www/html/src/api/vendor/laravel/lumen-framework/src/Concerns/RoutesRequests.php(95): Laravel\\Lumen\\Application->dispatch(Object(Illuminate\\Http\\Request))
#19 /var/www/html/src/api/index.php(30): Laravel\\Lumen\\Application->handle(Object(Illuminate\\Http\\Request))
#20 {main}
"} 
[2023-05-05 17:37:12] local.ERROR: Undefined array key "password" {"exception":"[object] (ErrorException(code: 0): Undefined array key \"password\" at /var/www/html/src/api/app/Models/User.php:18)
[stacktrace]
#0 /var/www/html/src/api/vendor/laravel/lumen-framework/src/Concerns/RegistersExceptionHandlers.php(47): Laravel\\Lumen\\Application->handleError(2, 'Undefined array...', '/var/www/html/s...', 18)
#1 /var/www/html/src/api/app/Models/User.php(18): Laravel\\Lumen\\Application->Laravel\\Lumen\\Concerns\\{closure}(2, 'Undefined array...', '/var/www/html/s...', 18)
#2 /var/www/html/src/api/vendor/illuminate/database/Eloquent/Model.php(2347): App\\Models\\User->__construct()
#3 /var/www/html/src/api/app/Services/UserServices.php(12): Illuminate\\Database\\Eloquent\\Model::__callStatic('create', Array)
#4 /var/www/html/src/api/app/Http/Controllers/UserController.php(19): App\\Services\\UserServices->create(Array)
#5 /var/www/html/src/api/vendor/illuminate/container/BoundMethod.php(36): App\\Http\\Controllers\\UserController->register(Object(Illuminate\\Http\\Request))
#6 /var/www/html/src/api/vendor/illuminate/container/Util.php(41): Illuminate\\Container\\BoundMethod::Illuminate\\Container\\{closure}()
#7 /var/www/html/src/api/vendor/illuminate/container/BoundMethod.php(93): Illuminate\\Container\\Util::unwrapIfClosure(Object(Closure))
#8 /var/www/html/src/api/vendor/illuminate/container/BoundMethod.php(37): Illuminate\\Container\\BoundMethod::callBoundMethod(Object(Laravel\\Lumen\\Application), Array, Object(Closure))
#9 /var/www/html/src/api/vendor/illuminate/container/Container.php(662): Illuminate\\Container\\BoundMethod::call(Object(Laravel\\Lumen\\Application), Array, Array, NULL)
#10 /var/www/html/src/api/vendor/laravel/lumen-framework/src/Concerns/RoutesRequests.php(391): Illuminate\\Container\\Container->call(Array, Array)
#11 /var/www/html/src/api/vendor/laravel/lumen-framework/src/Concerns/RoutesRequests.php(357): Laravel\\Lumen\\Application->callControllerCallable(Array, Array)
#12 /var/www/html/src/api/vendor/laravel/lumen-framework/src/Concerns/RoutesRequests.php(331): Laravel\\Lumen\\Application->callLumenController(Object(App\\Http\\Controllers\\UserController), 'register', Array)
#13 /var/www/html/src/api/vendor/laravel/lumen-framework/src/Concerns/RoutesRequests.php(284): Laravel\\Lumen\\Application->callControllerAction(Array)
#14 /var/www/html/src/api/vendor/laravel/lumen-framework/src/Concerns/RoutesRequests.php(269): Laravel\\Lumen\\Application->callActionOnArrayBasedRoute(Array)
#15 /var/www/html/src/api/vendor/laravel/lumen-framework/src/Concerns/RoutesRequests.php(171): Laravel\\Lumen\\Application->handleFoundRoute(Array)
#16 /var/www/html/src/api/vendor/laravel/lumen-framework/src/Concerns/RoutesRequests.php(431): Laravel\\Lumen\\Application->Laravel\\Lumen\\Concerns\\{closure}(Object(Illuminate\\Http\\Request))
#17 /var/www/html/src/api/vendor/laravel/lumen-framework/src/Concerns/RoutesRequests.php(177): Laravel\\Lumen\\Application->sendThroughPipeline(Array, Object(Closure))
#18 /var/www/html/src/api/vendor/laravel/lumen-framework/src/Concerns/RoutesRequests.php(95): Laravel\\Lumen\\Application->dispatch(Object(Illuminate\\Http\\Request))
#19 /var/www/html/src/api/index.php(30): Laravel\\Lumen\\Application->handle(Object(Illuminate\\Http\\Request))
#20 {main}
"} 
[2023-05-05 18:12:29] local.ERROR: SQLSTATE[23000]: Integrity constraint violation: 1062 Duplicate entry 'wwwwdwasds@gmail.com' for key 'users.users_email_unique' (Connection: mysql, SQL: insert into `users` (`name`, `email`, `password`, `updated_at`, `created_at`) values (weqssssdsdwa, wwwwdwasds@gmail.com, $2y$10$8NMVezFznQ.Nq3CVs3BIrOq9oDAPqwsZfZrKxSS2k7tAaF6.SGhZe, 2023-05-05 18:12:29, 2023-05-05 18:12:29)) {"exception":"[object] (Illuminate\\Database\\QueryException(code: 23000): SQLSTATE[23000]: Integrity constraint violation: 1062 Duplicate entry 'wwwwdwasds@gmail.com' for key 'users.users_email_unique' (Connection: mysql, SQL: insert into `users` (`name`, `email`, `password`, `updated_at`, `created_at`) values (weqssssdsdwa, wwwwdwasds@gmail.com, $2y$10$8NMVezFznQ.Nq3CVs3BIrOq9oDAPqwsZfZrKxSS2k7tAaF6.SGhZe, 2023-05-05 18:12:29, 2023-05-05 18:12:29)) at /var/www/html/src/api/vendor/illuminate/database/Connection.php:793)
[stacktrace]
#0 /var/www/html/src/api/vendor/illuminate/database/Connection.php(753): Illuminate\\Database\\Connection->runQueryCallback('insert into `us...', Array, Object(Closure))
#1 /var/www/html/src/api/vendor/illuminate/database/Connection.php(579): Illuminate\\Database\\Connection->run('insert into `us...', Array, Object(Closure))
#2 /var/www/html/src/api/vendor/illuminate/database/Connection.php(531): Illuminate\\Database\\Connection->statement('insert into `us...', Array)
#3 /var/www/html/src/api/vendor/illuminate/database/Query/Processors/Processor.php(32): Illuminate\\Database\\Connection->insert('insert into `us...', Array)
#4 /var/www/html/src/api/vendor/illuminate/database/Query/Builder.php(3341): Illuminate\\Database\\Query\\Processors\\Processor->processInsertGetId(Object(Illuminate\\Database\\Query\\Builder), 'insert into `us...', Array, 'id')
#5 /var/www/html/src/api/vendor/illuminate/database/Eloquent/Builder.php(1904): Illuminate\\Database\\Query\\Builder->insertGetId(Array, 'id')
#6 /var/www/html/src/api/vendor/illuminate/database/Eloquent/Model.php(1335): Illuminate\\Database\\Eloquent\\Builder->__call('insertGetId', Array)
#7 /var/www/html/src/api/vendor/illuminate/database/Eloquent/Model.php(1300): Illuminate\\Database\\Eloquent\\Model->insertAndSetId(Object(Illuminate\\Database\\Eloquent\\Builder), Array)
#8 /var/www/html/src/api/vendor/illuminate/database/Eloquent/Model.php(1139): Illuminate\\Database\\Eloquent\\Model->performInsert(Object(Illuminate\\Database\\Eloquent\\Builder))
#9 /var/www/html/src/api/vendor/illuminate/database/Eloquent/Builder.php(996): Illuminate\\Database\\Eloquent\\Model->save()
#10 /var/www/html/src/api/vendor/illuminate/support/helpers.php(306): Illuminate\\Database\\Eloquent\\Builder->Illuminate\\Database\\Eloquent\\{closure}(Object(App\\Models\\User))
#11 /var/www/html/src/api/vendor/illuminate/database/Eloquent/Builder.php(997): tap(Object(App\\Models\\User), Object(Closure))
#12 /var/www/html/src/api/vendor/illuminate/support/Traits/ForwardsCalls.php(23): Illuminate\\Database\\Eloquent\\Builder->create(Array)
#13 /var/www/html/src/api/vendor/illuminate/database/Eloquent/Model.php(2335): Illuminate\\Database\\Eloquent\\Model->forwardCallTo(Object(Illuminate\\Database\\Eloquent\\Builder), 'create', Array)
#14 /var/www/html/src/api/vendor/illuminate/database/Eloquent/Model.php(2347): Illuminate\\Database\\Eloquent\\Model->__call('create', Array)
#15 /var/www/html/src/api/app/Services/UserServices.php(12): Illuminate\\Database\\Eloquent\\Model::__callStatic('create', Array)
#16 /var/www/html/src/api/app/Http/Controllers/UserController.php(19): App\\Services\\UserServices->create(Array)
#17 /var/www/html/src/api/vendor/illuminate/container/BoundMethod.php(36): App\\Http\\Controllers\\UserController->register(Object(Illuminate\\Http\\Request))
#18 /var/www/html/src/api/vendor/illuminate/container/Util.php(41): Illuminate\\Container\\BoundMethod::Illuminate\\Container\\{closure}()
#19 /var/www/html/src/api/vendor/illuminate/container/BoundMethod.php(93): Illuminate\\Container\\Util::unwrapIfClosure(Object(Closure))
#20 /var/www/html/src/api/vendor/illuminate/container/BoundMethod.php(37): Illuminate\\Container\\BoundMethod::callBoundMethod(Object(Laravel\\Lumen\\Application), Array, Object(Closure))
#21 /var/www/html/src/api/vendor/illuminate/container/Container.php(662): Illuminate\\Container\\BoundMethod::call(Object(Laravel\\Lumen\\Application), Array, Array, NULL)
#22 /var/www/html/src/api/vendor/laravel/lumen-framework/src/Concerns/RoutesRequests.php(391): Illuminate\\Container\\Container->call(Array, Array)
#23 /var/www/html/src/api/vendor/laravel/lumen-framework/src/Concerns/RoutesRequests.php(357): Laravel\\Lumen\\Application->callControllerCallable(Array, Array)
#24 /var/www/html/src/api/vendor/laravel/lumen-framework/src/Concerns/RoutesRequests.php(331): Laravel\\Lumen\\Application->callLumenController(Object(App\\Http\\Controllers\\UserController), 'register', Array)
#25 /var/www/html/src/api/vendor/laravel/lumen-framework/src/Concerns/RoutesRequests.php(284): Laravel\\Lumen\\Application->callControllerAction(Array)
#26 /var/www/html/src/api/vendor/laravel/lumen-framework/src/Concerns/RoutesRequests.php(269): Laravel\\Lumen\\Application->callActionOnArrayBasedRoute(Array)
#27 /var/www/html/src/api/vendor/laravel/lumen-framework/src/Concerns/RoutesRequests.php(171): Laravel\\Lumen\\Application->handleFoundRoute(Array)
#28 /var/www/html/src/api/vendor/laravel/lumen-framework/src/Concerns/RoutesRequests.php(431): Laravel\\Lumen\\Application->Laravel\\Lumen\\Concerns\\{closure}(Object(Illuminate\\Http\\Request))
#29 /var/www/html/src/api/vendor/laravel/lumen-framework/src/Concerns/RoutesRequests.php(177): Laravel\\Lumen\\Application->sendThroughPipeline(Array, Object(Closure))
#30 /var/www/html/src/api/vendor/laravel/lumen-framework/src/Concerns/RoutesRequests.php(95): Laravel\\Lumen\\Application->dispatch(Object(Illuminate\\Http\\Request))
#31 /var/www/html/src/api/index.php(30): Laravel\\Lumen\\Application->handle(Object(Illuminate\\Http\\Request))
#32 {main}

[previous exception] [object] (PDOException(code: 23000): SQLSTATE[23000]: Integrity constraint violation: 1062 Duplicate entry 'wwwwdwasds@gmail.com' for key 'users.users_email_unique' at /var/www/html/src/api/vendor/illuminate/database/Connection.php:578)
[stacktrace]
#0 /var/www/html/src/api/vendor/illuminate/database/Connection.php(578): PDOStatement->execute()
#1 /var/www/html/src/api/vendor/illuminate/database/Connection.php(786): Illuminate\\Database\\Connection->Illuminate\\Database\\{closure}('insert into `us...', Array)
#2 /var/www/html/src/api/vendor/illuminate/database/Connection.php(753): Illuminate\\Database\\Connection->runQueryCallback('insert into `us...', Array, Object(Closure))
#3 /var/www/html/src/api/vendor/illuminate/database/Connection.php(579): Illuminate\\Database\\Connection->run('insert into `us...', Array, Object(Closure))
#4 /var/www/html/src/api/vendor/illuminate/database/Connection.php(531): Illuminate\\Database\\Connection->statement('insert into `us...', Array)
#5 /var/www/html/src/api/vendor/illuminate/database/Query/Processors/Processor.php(32): Illuminate\\Database\\Connection->insert('insert into `us...', Array)
#6 /var/www/html/src/api/vendor/illuminate/database/Query/Builder.php(3341): Illuminate\\Database\\Query\\Processors\\Processor->processInsertGetId(Object(Illuminate\\Database\\Query\\Builder), 'insert into `us...', Array, 'id')
#7 /var/www/html/src/api/vendor/illuminate/database/Eloquent/Builder.php(1904): Illuminate\\Database\\Query\\Builder->insertGetId(Array, 'id')
#8 /var/www/html/src/api/vendor/illuminate/database/Eloquent/Model.php(1335): Illuminate\\Database\\Eloquent\\Builder->__call('insertGetId', Array)
#9 /var/www/html/src/api/vendor/illuminate/database/Eloquent/Model.php(1300): Illuminate\\Database\\Eloquent\\Model->insertAndSetId(Object(Illuminate\\Database\\Eloquent\\Builder), Array)
#10 /var/www/html/src/api/vendor/illuminate/database/Eloquent/Model.php(1139): Illuminate\\Database\\Eloquent\\Model->performInsert(Object(Illuminate\\Database\\Eloquent\\Builder))
#11 /var/www/html/src/api/vendor/illuminate/database/Eloquent/Builder.php(996): Illuminate\\Database\\Eloquent\\Model->save()
#12 /var/www/html/src/api/vendor/illuminate/support/helpers.php(306): Illuminate\\Database\\Eloquent\\Builder->Illuminate\\Database\\Eloquent\\{closure}(Object(App\\Models\\User))
#13 /var/www/html/src/api/vendor/illuminate/database/Eloquent/Builder.php(997): tap(Object(App\\Models\\User), Object(Closure))
#14 /var/www/html/src/api/vendor/illuminate/support/Traits/ForwardsCalls.php(23): Illuminate\\Database\\Eloquent\\Builder->create(Array)
#15 /var/www/html/src/api/vendor/illuminate/database/Eloquent/Model.php(2335): Illuminate\\Database\\Eloquent\\Model->forwardCallTo(Object(Illuminate\\Database\\Eloquent\\Builder), 'create', Array)
#16 /var/www/html/src/api/vendor/illuminate/database/Eloquent/Model.php(2347): Illuminate\\Database\\Eloquent\\Model->__call('create', Array)
#17 /var/www/html/src/api/app/Services/UserServices.php(12): Illuminate\\Database\\Eloquent\\Model::__callStatic('create', Array)
#18 /var/www/html/src/api/app/Http/Controllers/UserController.php(19): App\\Services\\UserServices->create(Array)
#19 /var/www/html/src/api/vendor/illuminate/container/BoundMethod.php(36): App\\Http\\Controllers\\UserController->register(Object(Illuminate\\Http\\Request))
#20 /var/www/html/src/api/vendor/illuminate/container/Util.php(41): Illuminate\\Container\\BoundMethod::Illuminate\\Container\\{closure}()
#21 /var/www/html/src/api/vendor/illuminate/container/BoundMethod.php(93): Illuminate\\Container\\Util::unwrapIfClosure(Object(Closure))
#22 /var/www/html/src/api/vendor/illuminate/container/BoundMethod.php(37): Illuminate\\Container\\BoundMethod::callBoundMethod(Object(Laravel\\Lumen\\Application), Array, Object(Closure))
#23 /var/www/html/src/api/vendor/illuminate/container/Container.php(662): Illuminate\\Container\\BoundMethod::call(Object(Laravel\\Lumen\\Application), Array, Array, NULL)
#24 /var/www/html/src/api/vendor/laravel/lumen-framework/src/Concerns/RoutesRequests.php(391): Illuminate\\Container\\Container->call(Array, Array)
#25 /var/www/html/src/api/vendor/laravel/lumen-framework/src/Concerns/RoutesRequests.php(357): Laravel\\Lumen\\Application->callControllerCallable(Array, Array)
#26 /var/www/html/src/api/vendor/laravel/lumen-framework/src/Concerns/RoutesRequests.php(331): Laravel\\Lumen\\Application->callLumenController(Object(App\\Http\\Controllers\\UserController), 'register', Array)
#27 /var/www/html/src/api/vendor/laravel/lumen-framework/src/Concerns/RoutesRequests.php(284): Laravel\\Lumen\\Application->callControllerAction(Array)
#28 /var/www/html/src/api/vendor/laravel/lumen-framework/src/Concerns/RoutesRequests.php(269): Laravel\\Lumen\\Application->callActionOnArrayBasedRoute(Array)
#29 /var/www/html/src/api/vendor/laravel/lumen-framework/src/Concerns/RoutesRequests.php(171): Laravel\\Lumen\\Application->handleFoundRoute(Array)
#30 /var/www/html/src/api/vendor/laravel/lumen-framework/src/Concerns/RoutesRequests.php(431): Laravel\\Lumen\\Application->Laravel\\Lumen\\Concerns\\{closure}(Object(Illuminate\\Http\\Request))
#31 /var/www/html/src/api/vendor/laravel/lumen-framework/src/Concerns/RoutesRequests.php(177): Laravel\\Lumen\\Application->sendThroughPipeline(Array, Object(Closure))
#32 /var/www/html/src/api/vendor/laravel/lumen-framework/src/Concerns/RoutesRequests.php(95): Laravel\\Lumen\\Application->dispatch(Object(Illuminate\\Http\\Request))
#33 /var/www/html/src/api/index.php(30): Laravel\\Lumen\\Application->handle(Object(Illuminate\\Http\\Request))
#34 {main}
"} 
[2023-05-05 19:16:28] local.ERROR: Target [App\Repositories\UserRepositories\UserRepository] is not instantiable while building [App\Http\Controllers\UserController]. {"exception":"[object] (Illuminate\\Contracts\\Container\\BindingResolutionException(code: 0): Target [App\\Repositories\\UserRepositories\\UserRepository] is not instantiable while building [App\\Http\\Controllers\\UserController]. at /var/www/html/src/api/vendor/illuminate/container/Container.php:1128)
[stacktrace]
#0 /var/www/html/src/api/vendor/illuminate/container/Container.php(923): Illuminate\\Container\\Container->notInstantiable('App\\\\Repositorie...')
#1 /var/www/html/src/api/vendor/illuminate/container/Container.php(795): Illuminate\\Container\\Container->build('App\\\\Repositorie...')
#2 /var/www/html/src/api/vendor/illuminate/container/Container.php(731): Illuminate\\Container\\Container->resolve('App\\\\Repositorie...', Array)
#3 /var/www/html/src/api/vendor/laravel/lumen-framework/src/Application.php(327): Illuminate\\Container\\Container->make('App\\\\Repositorie...', Array)
#4 /var/www/html/src/api/vendor/illuminate/container/Container.php(1068): Laravel\\Lumen\\Application->make('App\\\\Repositorie...')
#5 /var/www/html/src/api/vendor/illuminate/container/Container.php(984): Illuminate\\Container\\Container->resolveClass(Object(ReflectionParameter))
#6 /var/www/html/src/api/vendor/illuminate/container/Container.php(945): Illuminate\\Container\\Container->resolveDependencies(Array)
#7 /var/www/html/src/api/vendor/illuminate/container/Container.php(795): Illuminate\\Container\\Container->build('App\\\\Http\\\\Contro...')
#8 /var/www/html/src/api/vendor/illuminate/container/Container.php(731): Illuminate\\Container\\Container->resolve('App\\\\Http\\\\Contro...', Array)
#9 /var/www/html/src/api/vendor/laravel/lumen-framework/src/Application.php(327): Illuminate\\Container\\Container->make('App\\\\Http\\\\Contro...', Array)
#10 /var/www/html/src/api/vendor/laravel/lumen-framework/src/Concerns/RoutesRequests.php(326): Laravel\\Lumen\\Application->make('App\\\\Http\\\\Contro...')
#11 /var/www/html/src/api/vendor/laravel/lumen-framework/src/Concerns/RoutesRequests.php(284): Laravel\\Lumen\\Application->callControllerAction(Array)
#12 /var/www/html/src/api/vendor/laravel/lumen-framework/src/Concerns/RoutesRequests.php(269): Laravel\\Lumen\\Application->callActionOnArrayBasedRoute(Array)
#13 /var/www/html/src/api/vendor/laravel/lumen-framework/src/Concerns/RoutesRequests.php(171): Laravel\\Lumen\\Application->handleFoundRoute(Array)
#14 /var/www/html/src/api/vendor/laravel/lumen-framework/src/Concerns/RoutesRequests.php(431): Laravel\\Lumen\\Application->Laravel\\Lumen\\Concerns\\{closure}(Object(Illuminate\\Http\\Request))
#15 /var/www/html/src/api/vendor/laravel/lumen-framework/src/Concerns/RoutesRequests.php(177): Laravel\\Lumen\\Application->sendThroughPipeline(Array, Object(Closure))
#16 /var/www/html/src/api/vendor/laravel/lumen-framework/src/Concerns/RoutesRequests.php(95): Laravel\\Lumen\\Application->dispatch(Object(Illuminate\\Http\\Request))
#17 /var/www/html/src/api/index.php(30): Laravel\\Lumen\\Application->handle(Object(Illuminate\\Http\\Request))
#18 {main}
"} 
[2023-05-05 20:21:41] local.ERROR: Target [App\Repositories\UserRepositories\UserRepository] is not instantiable while building [App\Http\Controllers\UserController]. {"exception":"[object] (Illuminate\\Contracts\\Container\\BindingResolutionException(code: 0): Target [App\\Repositories\\UserRepositories\\UserRepository] is not instantiable while building [App\\Http\\Controllers\\UserController]. at /var/www/html/src/api/vendor/illuminate/container/Container.php:1128)
[stacktrace]
#0 /var/www/html/src/api/vendor/illuminate/container/Container.php(923): Illuminate\\Container\\Container->notInstantiable('App\\\\Repositorie...')
#1 /var/www/html/src/api/vendor/illuminate/container/Container.php(795): Illuminate\\Container\\Container->build('App\\\\Repositorie...')
#2 /var/www/html/src/api/vendor/illuminate/container/Container.php(731): Illuminate\\Container\\Container->resolve('App\\\\Repositorie...', Array)
#3 /var/www/html/src/api/vendor/laravel/lumen-framework/src/Application.php(327): Illuminate\\Container\\Container->make('App\\\\Repositorie...', Array)
#4 /var/www/html/src/api/vendor/illuminate/container/Container.php(1068): Laravel\\Lumen\\Application->make('App\\\\Repositorie...')
#5 /var/www/html/src/api/vendor/illuminate/container/Container.php(984): Illuminate\\Container\\Container->resolveClass(Object(ReflectionParameter))
#6 /var/www/html/src/api/vendor/illuminate/container/Container.php(945): Illuminate\\Container\\Container->resolveDependencies(Array)
#7 /var/www/html/src/api/vendor/illuminate/container/Container.php(795): Illuminate\\Container\\Container->build('App\\\\Http\\\\Contro...')
#8 /var/www/html/src/api/vendor/illuminate/container/Container.php(731): Illuminate\\Container\\Container->resolve('App\\\\Http\\\\Contro...', Array)
#9 /var/www/html/src/api/vendor/laravel/lumen-framework/src/Application.php(327): Illuminate\\Container\\Container->make('App\\\\Http\\\\Contro...', Array)
#10 /var/www/html/src/api/vendor/laravel/lumen-framework/src/Concerns/RoutesRequests.php(326): Laravel\\Lumen\\Application->make('App\\\\Http\\\\Contro...')
#11 /var/www/html/src/api/vendor/laravel/lumen-framework/src/Concerns/RoutesRequests.php(284): Laravel\\Lumen\\Application->callControllerAction(Array)
#12 /var/www/html/src/api/vendor/laravel/lumen-framework/src/Concerns/RoutesRequests.php(269): Laravel\\Lumen\\Application->callActionOnArrayBasedRoute(Array)
#13 /var/www/html/src/api/vendor/laravel/lumen-framework/src/Concerns/RoutesRequests.php(171): Laravel\\Lumen\\Application->handleFoundRoute(Array)
#14 /var/www/html/src/api/vendor/laravel/lumen-framework/src/Concerns/RoutesRequests.php(431): Laravel\\Lumen\\Application->Laravel\\Lumen\\Concerns\\{closure}(Object(Illuminate\\Http\\Request))
#15 /var/www/html/src/api/vendor/laravel/lumen-framework/src/Concerns/RoutesRequests.php(177): Laravel\\Lumen\\Application->sendThroughPipeline(Array, Object(Closure))
#16 /var/www/html/src/api/vendor/laravel/lumen-framework/src/Concerns/RoutesRequests.php(95): Laravel\\Lumen\\Application->dispatch(Object(Illuminate\\Http\\Request))
#17 /var/www/html/src/api/index.php(30): Laravel\\Lumen\\Application->handle(Object(Illuminate\\Http\\Request))
#18 {main}
"} 
[2023-05-05 21:54:27] local.ERROR: Target [App\Repositories\UserRepositories\UserRepository] is not instantiable while building [App\Http\Controllers\UserController]. {"exception":"[object] (Illuminate\\Contracts\\Container\\BindingResolutionException(code: 0): Target [App\\Repositories\\UserRepositories\\UserRepository] is not instantiable while building [App\\Http\\Controllers\\UserController]. at /var/www/html/src/api/vendor/illuminate/container/Container.php:1128)
[stacktrace]
#0 /var/www/html/src/api/vendor/illuminate/container/Container.php(923): Illuminate\\Container\\Container->notInstantiable('App\\\\Repositorie...')
#1 /var/www/html/src/api/vendor/illuminate/container/Container.php(795): Illuminate\\Container\\Container->build('App\\\\Repositorie...')
#2 /var/www/html/src/api/vendor/illuminate/container/Container.php(731): Illuminate\\Container\\Container->resolve('App\\\\Repositorie...', Array)
#3 /var/www/html/src/api/vendor/laravel/lumen-framework/src/Application.php(327): Illuminate\\Container\\Container->make('App\\\\Repositorie...', Array)
#4 /var/www/html/src/api/vendor/illuminate/container/Container.php(1068): Laravel\\Lumen\\Application->make('App\\\\Repositorie...')
#5 /var/www/html/src/api/vendor/illuminate/container/Container.php(984): Illuminate\\Container\\Container->resolveClass(Object(ReflectionParameter))
#6 /var/www/html/src/api/vendor/illuminate/container/Container.php(945): Illuminate\\Container\\Container->resolveDependencies(Array)
#7 /var/www/html/src/api/vendor/illuminate/container/Container.php(795): Illuminate\\Container\\Container->build('App\\\\Http\\\\Contro...')
#8 /var/www/html/src/api/vendor/illuminate/container/Container.php(731): Illuminate\\Container\\Container->resolve('App\\\\Http\\\\Contro...', Array)
#9 /var/www/html/src/api/vendor/laravel/lumen-framework/src/Application.php(327): Illuminate\\Container\\Container->make('App\\\\Http\\\\Contro...', Array)
#10 /var/www/html/src/api/vendor/laravel/lumen-framework/src/Concerns/RoutesRequests.php(326): Laravel\\Lumen\\Application->make('App\\\\Http\\\\Contro...')
#11 /var/www/html/src/api/vendor/laravel/lumen-framework/src/Concerns/RoutesRequests.php(284): Laravel\\Lumen\\Application->callControllerAction(Array)
#12 /var/www/html/src/api/vendor/laravel/lumen-framework/src/Concerns/RoutesRequests.php(269): Laravel\\Lumen\\Application->callActionOnArrayBasedRoute(Array)
#13 /var/www/html/src/api/vendor/laravel/lumen-framework/src/Concerns/RoutesRequests.php(171): Laravel\\Lumen\\Application->handleFoundRoute(Array)
#14 /var/www/html/src/api/vendor/laravel/lumen-framework/src/Concerns/RoutesRequests.php(431): Laravel\\Lumen\\Application->Laravel\\Lumen\\Concerns\\{closure}(Object(Illuminate\\Http\\Request))
#15 /var/www/html/src/api/vendor/laravel/lumen-framework/src/Concerns/RoutesRequests.php(177): Laravel\\Lumen\\Application->sendThroughPipeline(Array, Object(Closure))
#16 /var/www/html/src/api/vendor/laravel/lumen-framework/src/Concerns/RoutesRequests.php(95): Laravel\\Lumen\\Application->dispatch(Object(Illuminate\\Http\\Request))
#17 /var/www/html/src/api/index.php(30): Laravel\\Lumen\\Application->handle(Object(Illuminate\\Http\\Request))
#18 {main}
"} 
