[2023-05-10 08:44:01] local.ERROR: Illegal offset type {"exception":"[object] (TypeError(code: 0): Illegal offset type at /var/www/html/src/api/vendor/illuminate/auth/AuthManager.php:70)
[stacktrace]
#0 /var/www/html/src/api/vendor/laravel/lumen-framework/src/helpers.php(59): Illuminate\\Auth\\AuthManager->guard(Object(Illuminate\\Http\\Request))
#1 /var/www/html/src/api/vendor/illuminate/pipeline/Pipeline.php(162): auth(Object(Illuminate\\Http\\Request), Object(Closure))
#2 /var/www/html/src/api/vendor/laravel/lumen-framework/src/Routing/Pipeline.php(30): Illuminate\\Pipeline\\Pipeline->Illuminate\\Pipeline\\{closure}(Object(Illuminate\\Http\\Request))
#3 /var/www/html/src/api/vendor/illuminate/pipeline/Pipeline.php(116): Laravel\\Lumen\\Routing\\Pipeline->Laravel\\Lumen\\Routing\\{closure}(Object(Illuminate\\Http\\Request))
#4 /var/www/html/src/api/vendor/laravel/lumen-framework/src/Concerns/RoutesRequests.php(428): Illuminate\\Pipeline\\Pipeline->then(Object(Closure))
#5 /var/www/html/src/api/vendor/laravel/lumen-framework/src/Concerns/RoutesRequests.php(265): Laravel\\Lumen\\Application->sendThroughPipeline(Array, Object(Closure))
#6 /var/www/html/src/api/vendor/laravel/lumen-framework/src/Concerns/RoutesRequests.php(239): Laravel\\Lumen\\Application->handleFoundRoute(Array)
#7 /var/www/html/src/api/vendor/laravel/lumen-framework/src/Concerns/RoutesRequests.php(175): Laravel\\Lumen\\Application->handleDispatcherResponse(Array)
#8 /var/www/html/src/api/vendor/laravel/lumen-framework/src/Concerns/RoutesRequests.php(431): Laravel\\Lumen\\Application->Laravel\\Lumen\\Concerns\\{closure}(Object(Illuminate\\Http\\Request))
#9 /var/www/html/src/api/vendor/laravel/lumen-framework/src/Concerns/RoutesRequests.php(177): Laravel\\Lumen\\Application->sendThroughPipeline(Array, Object(Closure))
#10 /var/www/html/src/api/vendor/laravel/lumen-framework/src/Concerns/RoutesRequests.php(95): Laravel\\Lumen\\Application->dispatch(Object(Illuminate\\Http\\Request))
#11 /var/www/html/src/api/index.php(30): Laravel\\Lumen\\Application->handle(Object(Illuminate\\Http\\Request))
#12 {main}
"} 
[2023-05-10 08:44:45] local.ERROR: Illegal offset type {"exception":"[object] (TypeError(code: 0): Illegal offset type at /var/www/html/src/api/vendor/illuminate/auth/AuthManager.php:70)
[stacktrace]
#0 /var/www/html/src/api/vendor/laravel/lumen-framework/src/helpers.php(59): Illuminate\\Auth\\AuthManager->guard(Object(Illuminate\\Http\\Request))
#1 /var/www/html/src/api/vendor/illuminate/pipeline/Pipeline.php(162): auth(Object(Illuminate\\Http\\Request), Object(Closure))
#2 /var/www/html/src/api/vendor/laravel/lumen-framework/src/Routing/Pipeline.php(30): Illuminate\\Pipeline\\Pipeline->Illuminate\\Pipeline\\{closure}(Object(Illuminate\\Http\\Request))
#3 /var/www/html/src/api/vendor/illuminate/pipeline/Pipeline.php(116): Laravel\\Lumen\\Routing\\Pipeline->Laravel\\Lumen\\Routing\\{closure}(Object(Illuminate\\Http\\Request))
#4 /var/www/html/src/api/vendor/laravel/lumen-framework/src/Concerns/RoutesRequests.php(428): Illuminate\\Pipeline\\Pipeline->then(Object(Closure))
#5 /var/www/html/src/api/vendor/laravel/lumen-framework/src/Concerns/RoutesRequests.php(265): Laravel\\Lumen\\Application->sendThroughPipeline(Array, Object(Closure))
#6 /var/www/html/src/api/vendor/laravel/lumen-framework/src/Concerns/RoutesRequests.php(239): Laravel\\Lumen\\Application->handleFoundRoute(Array)
#7 /var/www/html/src/api/vendor/laravel/lumen-framework/src/Concerns/RoutesRequests.php(175): Laravel\\Lumen\\Application->handleDispatcherResponse(Array)
#8 /var/www/html/src/api/vendor/laravel/lumen-framework/src/Concerns/RoutesRequests.php(431): Laravel\\Lumen\\Application->Laravel\\Lumen\\Concerns\\{closure}(Object(Illuminate\\Http\\Request))
#9 /var/www/html/src/api/vendor/laravel/lumen-framework/src/Concerns/RoutesRequests.php(177): Laravel\\Lumen\\Application->sendThroughPipeline(Array, Object(Closure))
#10 /var/www/html/src/api/vendor/laravel/lumen-framework/src/Concerns/RoutesRequests.php(95): Laravel\\Lumen\\Application->dispatch(Object(Illuminate\\Http\\Request))
#11 /var/www/html/src/api/index.php(30): Laravel\\Lumen\\Application->handle(Object(Illuminate\\Http\\Request))
#12 {main}
"} 
[2023-05-10 08:45:21] local.ERROR: Illegal offset type {"exception":"[object] (TypeError(code: 0): Illegal offset type at /var/www/html/src/api/vendor/illuminate/auth/AuthManager.php:70)
[stacktrace]
#0 /var/www/html/src/api/vendor/laravel/lumen-framework/src/helpers.php(59): Illuminate\\Auth\\AuthManager->guard(Object(Illuminate\\Http\\Request))
#1 /var/www/html/src/api/vendor/illuminate/pipeline/Pipeline.php(162): auth(Object(Illuminate\\Http\\Request), Object(Closure))
#2 /var/www/html/src/api/vendor/laravel/lumen-framework/src/Routing/Pipeline.php(30): Illuminate\\Pipeline\\Pipeline->Illuminate\\Pipeline\\{closure}(Object(Illuminate\\Http\\Request))
#3 /var/www/html/src/api/vendor/illuminate/pipeline/Pipeline.php(116): Laravel\\Lumen\\Routing\\Pipeline->Laravel\\Lumen\\Routing\\{closure}(Object(Illuminate\\Http\\Request))
#4 /var/www/html/src/api/vendor/laravel/lumen-framework/src/Concerns/RoutesRequests.php(428): Illuminate\\Pipeline\\Pipeline->then(Object(Closure))
#5 /var/www/html/src/api/vendor/laravel/lumen-framework/src/Concerns/RoutesRequests.php(265): Laravel\\Lumen\\Application->sendThroughPipeline(Array, Object(Closure))
#6 /var/www/html/src/api/vendor/laravel/lumen-framework/src/Concerns/RoutesRequests.php(239): Laravel\\Lumen\\Application->handleFoundRoute(Array)
#7 /var/www/html/src/api/vendor/laravel/lumen-framework/src/Concerns/RoutesRequests.php(175): Laravel\\Lumen\\Application->handleDispatcherResponse(Array)
#8 /var/www/html/src/api/vendor/laravel/lumen-framework/src/Concerns/RoutesRequests.php(431): Laravel\\Lumen\\Application->Laravel\\Lumen\\Concerns\\{closure}(Object(Illuminate\\Http\\Request))
#9 /var/www/html/src/api/vendor/laravel/lumen-framework/src/Concerns/RoutesRequests.php(177): Laravel\\Lumen\\Application->sendThroughPipeline(Array, Object(Closure))
#10 /var/www/html/src/api/vendor/laravel/lumen-framework/src/Concerns/RoutesRequests.php(95): Laravel\\Lumen\\Application->dispatch(Object(Illuminate\\Http\\Request))
#11 /var/www/html/src/api/index.php(30): Laravel\\Lumen\\Application->handle(Object(Illuminate\\Http\\Request))
#12 {main}
"} 
[2023-05-10 08:46:07] local.ERROR: Illegal offset type {"exception":"[object] (TypeError(code: 0): Illegal offset type at /var/www/html/src/api/vendor/illuminate/auth/AuthManager.php:70)
[stacktrace]
#0 /var/www/html/src/api/vendor/laravel/lumen-framework/src/helpers.php(59): Illuminate\\Auth\\AuthManager->guard(Object(Illuminate\\Http\\Request))
#1 /var/www/html/src/api/vendor/illuminate/pipeline/Pipeline.php(162): auth(Object(Illuminate\\Http\\Request), Object(Closure))
#2 /var/www/html/src/api/vendor/laravel/lumen-framework/src/Routing/Pipeline.php(30): Illuminate\\Pipeline\\Pipeline->Illuminate\\Pipeline\\{closure}(Object(Illuminate\\Http\\Request))
#3 /var/www/html/src/api/vendor/illuminate/pipeline/Pipeline.php(116): Laravel\\Lumen\\Routing\\Pipeline->Laravel\\Lumen\\Routing\\{closure}(Object(Illuminate\\Http\\Request))
#4 /var/www/html/src/api/vendor/laravel/lumen-framework/src/Concerns/RoutesRequests.php(428): Illuminate\\Pipeline\\Pipeline->then(Object(Closure))
#5 /var/www/html/src/api/vendor/laravel/lumen-framework/src/Concerns/RoutesRequests.php(265): Laravel\\Lumen\\Application->sendThroughPipeline(Array, Object(Closure))
#6 /var/www/html/src/api/vendor/laravel/lumen-framework/src/Concerns/RoutesRequests.php(239): Laravel\\Lumen\\Application->handleFoundRoute(Array)
#7 /var/www/html/src/api/vendor/laravel/lumen-framework/src/Concerns/RoutesRequests.php(175): Laravel\\Lumen\\Application->handleDispatcherResponse(Array)
#8 /var/www/html/src/api/vendor/laravel/lumen-framework/src/Concerns/RoutesRequests.php(431): Laravel\\Lumen\\Application->Laravel\\Lumen\\Concerns\\{closure}(Object(Illuminate\\Http\\Request))
#9 /var/www/html/src/api/vendor/laravel/lumen-framework/src/Concerns/RoutesRequests.php(177): Laravel\\Lumen\\Application->sendThroughPipeline(Array, Object(Closure))
#10 /var/www/html/src/api/vendor/laravel/lumen-framework/src/Concerns/RoutesRequests.php(95): Laravel\\Lumen\\Application->dispatch(Object(Illuminate\\Http\\Request))
#11 /var/www/html/src/api/index.php(30): Laravel\\Lumen\\Application->handle(Object(Illuminate\\Http\\Request))
#12 {main}
"} 
[2023-05-10 08:46:20] local.ERROR: Illegal offset type {"exception":"[object] (TypeError(code: 0): Illegal offset type at /var/www/html/src/api/vendor/illuminate/auth/AuthManager.php:70)
[stacktrace]
#0 /var/www/html/src/api/vendor/laravel/lumen-framework/src/helpers.php(59): Illuminate\\Auth\\AuthManager->guard(Object(Illuminate\\Http\\Request))
#1 /var/www/html/src/api/vendor/illuminate/pipeline/Pipeline.php(162): auth(Object(Illuminate\\Http\\Request), Object(Closure))
#2 /var/www/html/src/api/vendor/laravel/lumen-framework/src/Routing/Pipeline.php(30): Illuminate\\Pipeline\\Pipeline->Illuminate\\Pipeline\\{closure}(Object(Illuminate\\Http\\Request))
#3 /var/www/html/src/api/vendor/illuminate/pipeline/Pipeline.php(116): Laravel\\Lumen\\Routing\\Pipeline->Laravel\\Lumen\\Routing\\{closure}(Object(Illuminate\\Http\\Request))
#4 /var/www/html/src/api/vendor/laravel/lumen-framework/src/Concerns/RoutesRequests.php(428): Illuminate\\Pipeline\\Pipeline->then(Object(Closure))
#5 /var/www/html/src/api/vendor/laravel/lumen-framework/src/Concerns/RoutesRequests.php(265): Laravel\\Lumen\\Application->sendThroughPipeline(Array, Object(Closure))
#6 /var/www/html/src/api/vendor/laravel/lumen-framework/src/Concerns/RoutesRequests.php(239): Laravel\\Lumen\\Application->handleFoundRoute(Array)
#7 /var/www/html/src/api/vendor/laravel/lumen-framework/src/Concerns/RoutesRequests.php(175): Laravel\\Lumen\\Application->handleDispatcherResponse(Array)
#8 /var/www/html/src/api/vendor/laravel/lumen-framework/src/Concerns/RoutesRequests.php(431): Laravel\\Lumen\\Application->Laravel\\Lumen\\Concerns\\{closure}(Object(Illuminate\\Http\\Request))
#9 /var/www/html/src/api/vendor/laravel/lumen-framework/src/Concerns/RoutesRequests.php(177): Laravel\\Lumen\\Application->sendThroughPipeline(Array, Object(Closure))
#10 /var/www/html/src/api/vendor/laravel/lumen-framework/src/Concerns/RoutesRequests.php(95): Laravel\\Lumen\\Application->dispatch(Object(Illuminate\\Http\\Request))
#11 /var/www/html/src/api/index.php(30): Laravel\\Lumen\\Application->handle(Object(Illuminate\\Http\\Request))
#12 {main}
"} 
[2023-05-10 08:46:37] local.ERROR: Illegal offset type {"exception":"[object] (TypeError(code: 0): Illegal offset type at /var/www/html/src/api/vendor/illuminate/auth/AuthManager.php:70)
[stacktrace]
#0 /var/www/html/src/api/vendor/laravel/lumen-framework/src/helpers.php(59): Illuminate\\Auth\\AuthManager->guard(Object(Illuminate\\Http\\Request))
#1 /var/www/html/src/api/vendor/illuminate/pipeline/Pipeline.php(162): auth(Object(Illuminate\\Http\\Request), Object(Closure))
#2 /var/www/html/src/api/vendor/laravel/lumen-framework/src/Routing/Pipeline.php(30): Illuminate\\Pipeline\\Pipeline->Illuminate\\Pipeline\\{closure}(Object(Illuminate\\Http\\Request))
#3 /var/www/html/src/api/vendor/illuminate/pipeline/Pipeline.php(116): Laravel\\Lumen\\Routing\\Pipeline->Laravel\\Lumen\\Routing\\{closure}(Object(Illuminate\\Http\\Request))
#4 /var/www/html/src/api/vendor/laravel/lumen-framework/src/Concerns/RoutesRequests.php(428): Illuminate\\Pipeline\\Pipeline->then(Object(Closure))
#5 /var/www/html/src/api/vendor/laravel/lumen-framework/src/Concerns/RoutesRequests.php(265): Laravel\\Lumen\\Application->sendThroughPipeline(Array, Object(Closure))
#6 /var/www/html/src/api/vendor/laravel/lumen-framework/src/Concerns/RoutesRequests.php(239): Laravel\\Lumen\\Application->handleFoundRoute(Array)
#7 /var/www/html/src/api/vendor/laravel/lumen-framework/src/Concerns/RoutesRequests.php(175): Laravel\\Lumen\\Application->handleDispatcherResponse(Array)
#8 /var/www/html/src/api/vendor/laravel/lumen-framework/src/Concerns/RoutesRequests.php(431): Laravel\\Lumen\\Application->Laravel\\Lumen\\Concerns\\{closure}(Object(Illuminate\\Http\\Request))
#9 /var/www/html/src/api/vendor/laravel/lumen-framework/src/Concerns/RoutesRequests.php(177): Laravel\\Lumen\\Application->sendThroughPipeline(Array, Object(Closure))
#10 /var/www/html/src/api/vendor/laravel/lumen-framework/src/Concerns/RoutesRequests.php(95): Laravel\\Lumen\\Application->dispatch(Object(Illuminate\\Http\\Request))
#11 /var/www/html/src/api/index.php(30): Laravel\\Lumen\\Application->handle(Object(Illuminate\\Http\\Request))
#12 {main}
"} 
[2023-05-10 17:58:11] local.ERROR: Illegal offset type {"exception":"[object] (TypeError(code: 0): Illegal offset type at /var/www/html/src/api/vendor/illuminate/auth/AuthManager.php:70)
[stacktrace]
#0 /var/www/html/src/api/vendor/laravel/lumen-framework/src/helpers.php(59): Illuminate\\Auth\\AuthManager->guard(Object(Illuminate\\Http\\Request))
#1 /var/www/html/src/api/vendor/illuminate/pipeline/Pipeline.php(162): auth(Object(Illuminate\\Http\\Request), Object(Closure))
#2 /var/www/html/src/api/vendor/laravel/lumen-framework/src/Routing/Pipeline.php(30): Illuminate\\Pipeline\\Pipeline->Illuminate\\Pipeline\\{closure}(Object(Illuminate\\Http\\Request))
#3 /var/www/html/src/api/vendor/illuminate/pipeline/Pipeline.php(116): Laravel\\Lumen\\Routing\\Pipeline->Laravel\\Lumen\\Routing\\{closure}(Object(Illuminate\\Http\\Request))
#4 /var/www/html/src/api/vendor/laravel/lumen-framework/src/Concerns/RoutesRequests.php(428): Illuminate\\Pipeline\\Pipeline->then(Object(Closure))
#5 /var/www/html/src/api/vendor/laravel/lumen-framework/src/Concerns/RoutesRequests.php(265): Laravel\\Lumen\\Application->sendThroughPipeline(Array, Object(Closure))
#6 /var/www/html/src/api/vendor/laravel/lumen-framework/src/Concerns/RoutesRequests.php(239): Laravel\\Lumen\\Application->handleFoundRoute(Array)
#7 /var/www/html/src/api/vendor/laravel/lumen-framework/src/Concerns/RoutesRequests.php(175): Laravel\\Lumen\\Application->handleDispatcherResponse(Array)
#8 /var/www/html/src/api/vendor/laravel/lumen-framework/src/Concerns/RoutesRequests.php(431): Laravel\\Lumen\\Application->Laravel\\Lumen\\Concerns\\{closure}(Object(Illuminate\\Http\\Request))
#9 /var/www/html/src/api/vendor/laravel/lumen-framework/src/Concerns/RoutesRequests.php(177): Laravel\\Lumen\\Application->sendThroughPipeline(Array, Object(Closure))
#10 /var/www/html/src/api/vendor/laravel/lumen-framework/src/Concerns/RoutesRequests.php(95): Laravel\\Lumen\\Application->dispatch(Object(Illuminate\\Http\\Request))
#11 /var/www/html/src/api/index.php(30): Laravel\\Lumen\\Application->handle(Object(Illuminate\\Http\\Request))
#12 {main}
"} 
[2023-05-10 18:45:16] local.ERROR: Illegal offset type {"exception":"[object] (TypeError(code: 0): Illegal offset type at /var/www/html/src/api/vendor/illuminate/auth/AuthManager.php:70)
[stacktrace]
#0 /var/www/html/src/api/vendor/laravel/lumen-framework/src/helpers.php(59): Illuminate\\Auth\\AuthManager->guard(Object(Illuminate\\Http\\Request))
#1 /var/www/html/src/api/vendor/illuminate/pipeline/Pipeline.php(162): auth(Object(Illuminate\\Http\\Request), Object(Closure))
#2 /var/www/html/src/api/vendor/laravel/lumen-framework/src/Routing/Pipeline.php(30): Illuminate\\Pipeline\\Pipeline->Illuminate\\Pipeline\\{closure}(Object(Illuminate\\Http\\Request))
#3 /var/www/html/src/api/vendor/illuminate/pipeline/Pipeline.php(116): Laravel\\Lumen\\Routing\\Pipeline->Laravel\\Lumen\\Routing\\{closure}(Object(Illuminate\\Http\\Request))
#4 /var/www/html/src/api/vendor/laravel/lumen-framework/src/Concerns/RoutesRequests.php(428): Illuminate\\Pipeline\\Pipeline->then(Object(Closure))
#5 /var/www/html/src/api/vendor/laravel/lumen-framework/src/Concerns/RoutesRequests.php(265): Laravel\\Lumen\\Application->sendThroughPipeline(Array, Object(Closure))
#6 /var/www/html/src/api/vendor/laravel/lumen-framework/src/Concerns/RoutesRequests.php(239): Laravel\\Lumen\\Application->handleFoundRoute(Array)
#7 /var/www/html/src/api/vendor/laravel/lumen-framework/src/Concerns/RoutesRequests.php(175): Laravel\\Lumen\\Application->handleDispatcherResponse(Array)
#8 /var/www/html/src/api/vendor/laravel/lumen-framework/src/Concerns/RoutesRequests.php(431): Laravel\\Lumen\\Application->Laravel\\Lumen\\Concerns\\{closure}(Object(Illuminate\\Http\\Request))
#9 /var/www/html/src/api/vendor/laravel/lumen-framework/src/Concerns/RoutesRequests.php(177): Laravel\\Lumen\\Application->sendThroughPipeline(Array, Object(Closure))
#10 /var/www/html/src/api/vendor/laravel/lumen-framework/src/Concerns/RoutesRequests.php(95): Laravel\\Lumen\\Application->dispatch(Object(Illuminate\\Http\\Request))
#11 /var/www/html/src/api/index.php(30): Laravel\\Lumen\\Application->handle(Object(Illuminate\\Http\\Request))
#12 {main}
"} 
[2023-05-10 18:45:34] local.ERROR: Call to undefined function App\Utils\customMsg() {"exception":"[object] (Error(code: 0): Call to undefined function App\\Utils\\customMsg() at /var/www/html/src/api/app/Implementations/OfferRepositoryImpl.php:17)
[stacktrace]
#0 /var/www/html/src/api/app/Http/Controllers/OfferController.php(20): App\\Implementations\\OfferRepositoryImpl->find('1')
#1 /var/www/html/src/api/vendor/illuminate/container/BoundMethod.php(36): App\\Http\\Controllers\\OfferController->find(Object(Illuminate\\Http\\Request), '1')
#2 /var/www/html/src/api/vendor/illuminate/container/Util.php(41): Illuminate\\Container\\BoundMethod::Illuminate\\Container\\{closure}()
#3 /var/www/html/src/api/vendor/illuminate/container/BoundMethod.php(93): Illuminate\\Container\\Util::unwrapIfClosure(Object(Closure))
#4 /var/www/html/src/api/vendor/illuminate/container/BoundMethod.php(37): Illuminate\\Container\\BoundMethod::callBoundMethod(Object(Laravel\\Lumen\\Application), Array, Object(Closure))
#5 /var/www/html/src/api/vendor/illuminate/container/Container.php(662): Illuminate\\Container\\BoundMethod::call(Object(Laravel\\Lumen\\Application), Array, Array, NULL)
#6 /var/www/html/src/api/vendor/laravel/lumen-framework/src/Concerns/RoutesRequests.php(391): Illuminate\\Container\\Container->call(Array, Array)
#7 /var/www/html/src/api/vendor/laravel/lumen-framework/src/Concerns/RoutesRequests.php(357): Laravel\\Lumen\\Application->callControllerCallable(Array, Array)
#8 /var/www/html/src/api/vendor/laravel/lumen-framework/src/Concerns/RoutesRequests.php(331): Laravel\\Lumen\\Application->callLumenController(Object(App\\Http\\Controllers\\OfferController), 'find', Array)
#9 /var/www/html/src/api/vendor/laravel/lumen-framework/src/Concerns/RoutesRequests.php(284): Laravel\\Lumen\\Application->callControllerAction(Array)
#10 /var/www/html/src/api/vendor/laravel/lumen-framework/src/Concerns/RoutesRequests.php(269): Laravel\\Lumen\\Application->callActionOnArrayBasedRoute(Array)
#11 /var/www/html/src/api/vendor/laravel/lumen-framework/src/Concerns/RoutesRequests.php(239): Laravel\\Lumen\\Application->handleFoundRoute(Array)
#12 /var/www/html/src/api/vendor/laravel/lumen-framework/src/Concerns/RoutesRequests.php(175): Laravel\\Lumen\\Application->handleDispatcherResponse(Array)
#13 /var/www/html/src/api/vendor/laravel/lumen-framework/src/Concerns/RoutesRequests.php(431): Laravel\\Lumen\\Application->Laravel\\Lumen\\Concerns\\{closure}(Object(Illuminate\\Http\\Request))
#14 /var/www/html/src/api/vendor/laravel/lumen-framework/src/Concerns/RoutesRequests.php(177): Laravel\\Lumen\\Application->sendThroughPipeline(Array, Object(Closure))
#15 /var/www/html/src/api/vendor/laravel/lumen-framework/src/Concerns/RoutesRequests.php(95): Laravel\\Lumen\\Application->dispatch(Object(Illuminate\\Http\\Request))
#16 /var/www/html/src/api/index.php(30): Laravel\\Lumen\\Application->handle(Object(Illuminate\\Http\\Request))
#17 {main}
"} 
[2023-05-10 18:46:49] local.ERROR: Call to undefined function App\Utils\customMsg() {"exception":"[object] (Error(code: 0): Call to undefined function App\\Utils\\customMsg() at /var/www/html/src/api/app/Implementations/OfferRepositoryImpl.php:20)
[stacktrace]
#0 /var/www/html/src/api/app/Http/Controllers/OfferController.php(20): App\\Implementations\\OfferRepositoryImpl->find('1')
#1 /var/www/html/src/api/vendor/illuminate/container/BoundMethod.php(36): App\\Http\\Controllers\\OfferController->find(Object(Illuminate\\Http\\Request), '1')
#2 /var/www/html/src/api/vendor/illuminate/container/Util.php(41): Illuminate\\Container\\BoundMethod::Illuminate\\Container\\{closure}()
#3 /var/www/html/src/api/vendor/illuminate/container/BoundMethod.php(93): Illuminate\\Container\\Util::unwrapIfClosure(Object(Closure))
#4 /var/www/html/src/api/vendor/illuminate/container/BoundMethod.php(37): Illuminate\\Container\\BoundMethod::callBoundMethod(Object(Laravel\\Lumen\\Application), Array, Object(Closure))
#5 /var/www/html/src/api/vendor/illuminate/container/Container.php(662): Illuminate\\Container\\BoundMethod::call(Object(Laravel\\Lumen\\Application), Array, Array, NULL)
#6 /var/www/html/src/api/vendor/laravel/lumen-framework/src/Concerns/RoutesRequests.php(391): Illuminate\\Container\\Container->call(Array, Array)
#7 /var/www/html/src/api/vendor/laravel/lumen-framework/src/Concerns/RoutesRequests.php(357): Laravel\\Lumen\\Application->callControllerCallable(Array, Array)
#8 /var/www/html/src/api/vendor/laravel/lumen-framework/src/Concerns/RoutesRequests.php(331): Laravel\\Lumen\\Application->callLumenController(Object(App\\Http\\Controllers\\OfferController), 'find', Array)
#9 /var/www/html/src/api/vendor/laravel/lumen-framework/src/Concerns/RoutesRequests.php(284): Laravel\\Lumen\\Application->callControllerAction(Array)
#10 /var/www/html/src/api/vendor/laravel/lumen-framework/src/Concerns/RoutesRequests.php(269): Laravel\\Lumen\\Application->callActionOnArrayBasedRoute(Array)
#11 /var/www/html/src/api/vendor/laravel/lumen-framework/src/Concerns/RoutesRequests.php(239): Laravel\\Lumen\\Application->handleFoundRoute(Array)
#12 /var/www/html/src/api/vendor/laravel/lumen-framework/src/Concerns/RoutesRequests.php(175): Laravel\\Lumen\\Application->handleDispatcherResponse(Array)
#13 /var/www/html/src/api/vendor/laravel/lumen-framework/src/Concerns/RoutesRequests.php(431): Laravel\\Lumen\\Application->Laravel\\Lumen\\Concerns\\{closure}(Object(Illuminate\\Http\\Request))
#14 /var/www/html/src/api/vendor/laravel/lumen-framework/src/Concerns/RoutesRequests.php(177): Laravel\\Lumen\\Application->sendThroughPipeline(Array, Object(Closure))
#15 /var/www/html/src/api/vendor/laravel/lumen-framework/src/Concerns/RoutesRequests.php(95): Laravel\\Lumen\\Application->dispatch(Object(Illuminate\\Http\\Request))
#16 /var/www/html/src/api/index.php(30): Laravel\\Lumen\\Application->handle(Object(Illuminate\\Http\\Request))
#17 {main}
"} 
[2023-05-10 18:47:01] local.ERROR: Call to undefined function App\Utils\customMsg() {"exception":"[object] (Error(code: 0): Call to undefined function App\\Utils\\customMsg() at /var/www/html/src/api/app/Implementations/OfferRepositoryImpl.php:20)
[stacktrace]
#0 /var/www/html/src/api/app/Http/Controllers/OfferController.php(20): App\\Implementations\\OfferRepositoryImpl->find('1')
#1 /var/www/html/src/api/vendor/illuminate/container/BoundMethod.php(36): App\\Http\\Controllers\\OfferController->find(Object(Illuminate\\Http\\Request), '1')
#2 /var/www/html/src/api/vendor/illuminate/container/Util.php(41): Illuminate\\Container\\BoundMethod::Illuminate\\Container\\{closure}()
#3 /var/www/html/src/api/vendor/illuminate/container/BoundMethod.php(93): Illuminate\\Container\\Util::unwrapIfClosure(Object(Closure))
#4 /var/www/html/src/api/vendor/illuminate/container/BoundMethod.php(37): Illuminate\\Container\\BoundMethod::callBoundMethod(Object(Laravel\\Lumen\\Application), Array, Object(Closure))
#5 /var/www/html/src/api/vendor/illuminate/container/Container.php(662): Illuminate\\Container\\BoundMethod::call(Object(Laravel\\Lumen\\Application), Array, Array, NULL)
#6 /var/www/html/src/api/vendor/laravel/lumen-framework/src/Concerns/RoutesRequests.php(391): Illuminate\\Container\\Container->call(Array, Array)
#7 /var/www/html/src/api/vendor/laravel/lumen-framework/src/Concerns/RoutesRequests.php(357): Laravel\\Lumen\\Application->callControllerCallable(Array, Array)
#8 /var/www/html/src/api/vendor/laravel/lumen-framework/src/Concerns/RoutesRequests.php(331): Laravel\\Lumen\\Application->callLumenController(Object(App\\Http\\Controllers\\OfferController), 'find', Array)
#9 /var/www/html/src/api/vendor/laravel/lumen-framework/src/Concerns/RoutesRequests.php(284): Laravel\\Lumen\\Application->callControllerAction(Array)
#10 /var/www/html/src/api/vendor/laravel/lumen-framework/src/Concerns/RoutesRequests.php(269): Laravel\\Lumen\\Application->callActionOnArrayBasedRoute(Array)
#11 /var/www/html/src/api/vendor/laravel/lumen-framework/src/Concerns/RoutesRequests.php(239): Laravel\\Lumen\\Application->handleFoundRoute(Array)
#12 /var/www/html/src/api/vendor/laravel/lumen-framework/src/Concerns/RoutesRequests.php(175): Laravel\\Lumen\\Application->handleDispatcherResponse(Array)
#13 /var/www/html/src/api/vendor/laravel/lumen-framework/src/Concerns/RoutesRequests.php(431): Laravel\\Lumen\\Application->Laravel\\Lumen\\Concerns\\{closure}(Object(Illuminate\\Http\\Request))
#14 /var/www/html/src/api/vendor/laravel/lumen-framework/src/Concerns/RoutesRequests.php(177): Laravel\\Lumen\\Application->sendThroughPipeline(Array, Object(Closure))
#15 /var/www/html/src/api/vendor/laravel/lumen-framework/src/Concerns/RoutesRequests.php(95): Laravel\\Lumen\\Application->dispatch(Object(Illuminate\\Http\\Request))
#16 /var/www/html/src/api/index.php(30): Laravel\\Lumen\\Application->handle(Object(Illuminate\\Http\\Request))
#17 {main}
"} 
[2023-05-10 18:47:02] local.ERROR: Call to undefined function App\Utils\customMsg() {"exception":"[object] (Error(code: 0): Call to undefined function App\\Utils\\customMsg() at /var/www/html/src/api/app/Implementations/OfferRepositoryImpl.php:20)
[stacktrace]
#0 /var/www/html/src/api/app/Http/Controllers/OfferController.php(20): App\\Implementations\\OfferRepositoryImpl->find('1')
#1 /var/www/html/src/api/vendor/illuminate/container/BoundMethod.php(36): App\\Http\\Controllers\\OfferController->find(Object(Illuminate\\Http\\Request), '1')
#2 /var/www/html/src/api/vendor/illuminate/container/Util.php(41): Illuminate\\Container\\BoundMethod::Illuminate\\Container\\{closure}()
#3 /var/www/html/src/api/vendor/illuminate/container/BoundMethod.php(93): Illuminate\\Container\\Util::unwrapIfClosure(Object(Closure))
#4 /var/www/html/src/api/vendor/illuminate/container/BoundMethod.php(37): Illuminate\\Container\\BoundMethod::callBoundMethod(Object(Laravel\\Lumen\\Application), Array, Object(Closure))
#5 /var/www/html/src/api/vendor/illuminate/container/Container.php(662): Illuminate\\Container\\BoundMethod::call(Object(Laravel\\Lumen\\Application), Array, Array, NULL)
#6 /var/www/html/src/api/vendor/laravel/lumen-framework/src/Concerns/RoutesRequests.php(391): Illuminate\\Container\\Container->call(Array, Array)
#7 /var/www/html/src/api/vendor/laravel/lumen-framework/src/Concerns/RoutesRequests.php(357): Laravel\\Lumen\\Application->callControllerCallable(Array, Array)
#8 /var/www/html/src/api/vendor/laravel/lumen-framework/src/Concerns/RoutesRequests.php(331): Laravel\\Lumen\\Application->callLumenController(Object(App\\Http\\Controllers\\OfferController), 'find', Array)
#9 /var/www/html/src/api/vendor/laravel/lumen-framework/src/Concerns/RoutesRequests.php(284): Laravel\\Lumen\\Application->callControllerAction(Array)
#10 /var/www/html/src/api/vendor/laravel/lumen-framework/src/Concerns/RoutesRequests.php(269): Laravel\\Lumen\\Application->callActionOnArrayBasedRoute(Array)
#11 /var/www/html/src/api/vendor/laravel/lumen-framework/src/Concerns/RoutesRequests.php(239): Laravel\\Lumen\\Application->handleFoundRoute(Array)
#12 /var/www/html/src/api/vendor/laravel/lumen-framework/src/Concerns/RoutesRequests.php(175): Laravel\\Lumen\\Application->handleDispatcherResponse(Array)
#13 /var/www/html/src/api/vendor/laravel/lumen-framework/src/Concerns/RoutesRequests.php(431): Laravel\\Lumen\\Application->Laravel\\Lumen\\Concerns\\{closure}(Object(Illuminate\\Http\\Request))
#14 /var/www/html/src/api/vendor/laravel/lumen-framework/src/Concerns/RoutesRequests.php(177): Laravel\\Lumen\\Application->sendThroughPipeline(Array, Object(Closure))
#15 /var/www/html/src/api/vendor/laravel/lumen-framework/src/Concerns/RoutesRequests.php(95): Laravel\\Lumen\\Application->dispatch(Object(Illuminate\\Http\\Request))
#16 /var/www/html/src/api/index.php(30): Laravel\\Lumen\\Application->handle(Object(Illuminate\\Http\\Request))
#17 {main}
"} 
[2023-05-10 18:47:52] local.ERROR: Method Illuminate\Http\JsonResponse::all does not exist. {"exception":"[object] (BadMethodCallException(code: 0): Method Illuminate\\Http\\JsonResponse::all does not exist. at /var/www/html/src/api/vendor/illuminate/macroable/Traits/Macroable.php:113)
[stacktrace]
#0 /var/www/html/src/api/app/Http/Controllers/OfferController.php(24): Illuminate\\Http\\JsonResponse->__call('all', Array)
#1 /var/www/html/src/api/vendor/illuminate/container/BoundMethod.php(36): App\\Http\\Controllers\\OfferController->find(Object(Illuminate\\Http\\Request), '1')
#2 /var/www/html/src/api/vendor/illuminate/container/Util.php(41): Illuminate\\Container\\BoundMethod::Illuminate\\Container\\{closure}()
#3 /var/www/html/src/api/vendor/illuminate/container/BoundMethod.php(93): Illuminate\\Container\\Util::unwrapIfClosure(Object(Closure))
#4 /var/www/html/src/api/vendor/illuminate/container/BoundMethod.php(37): Illuminate\\Container\\BoundMethod::callBoundMethod(Object(Laravel\\Lumen\\Application), Array, Object(Closure))
#5 /var/www/html/src/api/vendor/illuminate/container/Container.php(662): Illuminate\\Container\\BoundMethod::call(Object(Laravel\\Lumen\\Application), Array, Array, NULL)
#6 /var/www/html/src/api/vendor/laravel/lumen-framework/src/Concerns/RoutesRequests.php(391): Illuminate\\Container\\Container->call(Array, Array)
#7 /var/www/html/src/api/vendor/laravel/lumen-framework/src/Concerns/RoutesRequests.php(357): Laravel\\Lumen\\Application->callControllerCallable(Array, Array)
#8 /var/www/html/src/api/vendor/laravel/lumen-framework/src/Concerns/RoutesRequests.php(331): Laravel\\Lumen\\Application->callLumenController(Object(App\\Http\\Controllers\\OfferController), 'find', Array)
#9 /var/www/html/src/api/vendor/laravel/lumen-framework/src/Concerns/RoutesRequests.php(284): Laravel\\Lumen\\Application->callControllerAction(Array)
#10 /var/www/html/src/api/vendor/laravel/lumen-framework/src/Concerns/RoutesRequests.php(269): Laravel\\Lumen\\Application->callActionOnArrayBasedRoute(Array)
#11 /var/www/html/src/api/vendor/laravel/lumen-framework/src/Concerns/RoutesRequests.php(239): Laravel\\Lumen\\Application->handleFoundRoute(Array)
#12 /var/www/html/src/api/vendor/laravel/lumen-framework/src/Concerns/RoutesRequests.php(175): Laravel\\Lumen\\Application->handleDispatcherResponse(Array)
#13 /var/www/html/src/api/vendor/laravel/lumen-framework/src/Concerns/RoutesRequests.php(431): Laravel\\Lumen\\Application->Laravel\\Lumen\\Concerns\\{closure}(Object(Illuminate\\Http\\Request))
#14 /var/www/html/src/api/vendor/laravel/lumen-framework/src/Concerns/RoutesRequests.php(177): Laravel\\Lumen\\Application->sendThroughPipeline(Array, Object(Closure))
#15 /var/www/html/src/api/vendor/laravel/lumen-framework/src/Concerns/RoutesRequests.php(95): Laravel\\Lumen\\Application->dispatch(Object(Illuminate\\Http\\Request))
#16 /var/www/html/src/api/index.php(30): Laravel\\Lumen\\Application->handle(Object(Illuminate\\Http\\Request))
#17 {main}
"} 
[2023-05-10 20:36:47] local.ERROR: count(): Argument #1 ($value) must be of type Countable|array, App\Models\User given {"exception":"[object] (TypeError(code: 0): count(): Argument #1 ($value) must be of type Countable|array, App\\Models\\User given at /var/www/html/src/api/app/Implementations/PromoCodeRepositoryImpl.php:17)
[stacktrace]
#0 /var/www/html/src/api/app/Implementations/PromoCodeRepositoryImpl.php(17): count(Object(App\\Models\\User))
#1 /var/www/html/src/api/app/Http/Controllers/PromoCodeController.php(31): App\\Implementations\\PromoCodeRepositoryImpl->create(Array)
#2 /var/www/html/src/api/vendor/illuminate/container/BoundMethod.php(36): App\\Http\\Controllers\\PromoCodeController->create(Object(Illuminate\\Http\\Request))
#3 /var/www/html/src/api/vendor/illuminate/container/Util.php(41): Illuminate\\Container\\BoundMethod::Illuminate\\Container\\{closure}()
#4 /var/www/html/src/api/vendor/illuminate/container/BoundMethod.php(93): Illuminate\\Container\\Util::unwrapIfClosure(Object(Closure))
#5 /var/www/html/src/api/vendor/illuminate/container/BoundMethod.php(37): Illuminate\\Container\\BoundMethod::callBoundMethod(Object(Laravel\\Lumen\\Application), Array, Object(Closure))
#6 /var/www/html/src/api/vendor/illuminate/container/Container.php(662): Illuminate\\Container\\BoundMethod::call(Object(Laravel\\Lumen\\Application), Array, Array, NULL)
#7 /var/www/html/src/api/vendor/laravel/lumen-framework/src/Concerns/RoutesRequests.php(391): Illuminate\\Container\\Container->call(Array, Array)
#8 /var/www/html/src/api/vendor/laravel/lumen-framework/src/Concerns/RoutesRequests.php(357): Laravel\\Lumen\\Application->callControllerCallable(Array, Array)
#9 /var/www/html/src/api/vendor/laravel/lumen-framework/src/Concerns/RoutesRequests.php(331): Laravel\\Lumen\\Application->callLumenController(Object(App\\Http\\Controllers\\PromoCodeController), 'create', Array)
#10 /var/www/html/src/api/vendor/laravel/lumen-framework/src/Concerns/RoutesRequests.php(284): Laravel\\Lumen\\Application->callControllerAction(Array)
#11 /var/www/html/src/api/vendor/laravel/lumen-framework/src/Concerns/RoutesRequests.php(269): Laravel\\Lumen\\Application->callActionOnArrayBasedRoute(Array)
#12 /var/www/html/src/api/vendor/laravel/lumen-framework/src/Concerns/RoutesRequests.php(171): Laravel\\Lumen\\Application->handleFoundRoute(Array)
#13 /var/www/html/src/api/vendor/laravel/lumen-framework/src/Concerns/RoutesRequests.php(431): Laravel\\Lumen\\Application->Laravel\\Lumen\\Concerns\\{closure}(Object(Illuminate\\Http\\Request))
#14 /var/www/html/src/api/vendor/laravel/lumen-framework/src/Concerns/RoutesRequests.php(177): Laravel\\Lumen\\Application->sendThroughPipeline(Array, Object(Closure))
#15 /var/www/html/src/api/vendor/laravel/lumen-framework/src/Concerns/RoutesRequests.php(95): Laravel\\Lumen\\Application->dispatch(Object(Illuminate\\Http\\Request))
#16 /var/www/html/src/api/index.php(30): Laravel\\Lumen\\Application->handle(Object(Illuminate\\Http\\Request))
#17 {main}
"} 
[2023-05-10 20:37:09] local.ERROR: count(): Argument #1 ($value) must be of type Countable|array, App\Models\User given {"exception":"[object] (TypeError(code: 0): count(): Argument #1 ($value) must be of type Countable|array, App\\Models\\User given at /var/www/html/src/api/app/Implementations/PromoCodeRepositoryImpl.php:18)
[stacktrace]
#0 /var/www/html/src/api/app/Implementations/PromoCodeRepositoryImpl.php(18): count(Object(App\\Models\\User))
#1 /var/www/html/src/api/app/Http/Controllers/PromoCodeController.php(31): App\\Implementations\\PromoCodeRepositoryImpl->create(Array)
#2 /var/www/html/src/api/vendor/illuminate/container/BoundMethod.php(36): App\\Http\\Controllers\\PromoCodeController->create(Object(Illuminate\\Http\\Request))
#3 /var/www/html/src/api/vendor/illuminate/container/Util.php(41): Illuminate\\Container\\BoundMethod::Illuminate\\Container\\{closure}()
#4 /var/www/html/src/api/vendor/illuminate/container/BoundMethod.php(93): Illuminate\\Container\\Util::unwrapIfClosure(Object(Closure))
#5 /var/www/html/src/api/vendor/illuminate/container/BoundMethod.php(37): Illuminate\\Container\\BoundMethod::callBoundMethod(Object(Laravel\\Lumen\\Application), Array, Object(Closure))
#6 /var/www/html/src/api/vendor/illuminate/container/Container.php(662): Illuminate\\Container\\BoundMethod::call(Object(Laravel\\Lumen\\Application), Array, Array, NULL)
#7 /var/www/html/src/api/vendor/laravel/lumen-framework/src/Concerns/RoutesRequests.php(391): Illuminate\\Container\\Container->call(Array, Array)
#8 /var/www/html/src/api/vendor/laravel/lumen-framework/src/Concerns/RoutesRequests.php(357): Laravel\\Lumen\\Application->callControllerCallable(Array, Array)
#9 /var/www/html/src/api/vendor/laravel/lumen-framework/src/Concerns/RoutesRequests.php(331): Laravel\\Lumen\\Application->callLumenController(Object(App\\Http\\Controllers\\PromoCodeController), 'create', Array)
#10 /var/www/html/src/api/vendor/laravel/lumen-framework/src/Concerns/RoutesRequests.php(284): Laravel\\Lumen\\Application->callControllerAction(Array)
#11 /var/www/html/src/api/vendor/laravel/lumen-framework/src/Concerns/RoutesRequests.php(269): Laravel\\Lumen\\Application->callActionOnArrayBasedRoute(Array)
#12 /var/www/html/src/api/vendor/laravel/lumen-framework/src/Concerns/RoutesRequests.php(171): Laravel\\Lumen\\Application->handleFoundRoute(Array)
#13 /var/www/html/src/api/vendor/laravel/lumen-framework/src/Concerns/RoutesRequests.php(431): Laravel\\Lumen\\Application->Laravel\\Lumen\\Concerns\\{closure}(Object(Illuminate\\Http\\Request))
#14 /var/www/html/src/api/vendor/laravel/lumen-framework/src/Concerns/RoutesRequests.php(177): Laravel\\Lumen\\Application->sendThroughPipeline(Array, Object(Closure))
#15 /var/www/html/src/api/vendor/laravel/lumen-framework/src/Concerns/RoutesRequests.php(95): Laravel\\Lumen\\Application->dispatch(Object(Illuminate\\Http\\Request))
#16 /var/www/html/src/api/index.php(30): Laravel\\Lumen\\Application->handle(Object(Illuminate\\Http\\Request))
#17 {main}
"} 
[2023-05-10 20:38:44] local.ERROR: count(): Argument #1 ($value) must be of type Countable|array, App\Models\Offer given {"exception":"[object] (TypeError(code: 0): count(): Argument #1 ($value) must be of type Countable|array, App\\Models\\Offer given at /var/www/html/src/api/app/Implementations/PromoCodeRepositoryImpl.php:19)
[stacktrace]
#0 /var/www/html/src/api/app/Implementations/PromoCodeRepositoryImpl.php(19): count(Object(App\\Models\\Offer))
#1 /var/www/html/src/api/app/Http/Controllers/PromoCodeController.php(31): App\\Implementations\\PromoCodeRepositoryImpl->create(Array)
#2 /var/www/html/src/api/vendor/illuminate/container/BoundMethod.php(36): App\\Http\\Controllers\\PromoCodeController->create(Object(Illuminate\\Http\\Request))
#3 /var/www/html/src/api/vendor/illuminate/container/Util.php(41): Illuminate\\Container\\BoundMethod::Illuminate\\Container\\{closure}()
#4 /var/www/html/src/api/vendor/illuminate/container/BoundMethod.php(93): Illuminate\\Container\\Util::unwrapIfClosure(Object(Closure))
#5 /var/www/html/src/api/vendor/illuminate/container/BoundMethod.php(37): Illuminate\\Container\\BoundMethod::callBoundMethod(Object(Laravel\\Lumen\\Application), Array, Object(Closure))
#6 /var/www/html/src/api/vendor/illuminate/container/Container.php(662): Illuminate\\Container\\BoundMethod::call(Object(Laravel\\Lumen\\Application), Array, Array, NULL)
#7 /var/www/html/src/api/vendor/laravel/lumen-framework/src/Concerns/RoutesRequests.php(391): Illuminate\\Container\\Container->call(Array, Array)
#8 /var/www/html/src/api/vendor/laravel/lumen-framework/src/Concerns/RoutesRequests.php(357): Laravel\\Lumen\\Application->callControllerCallable(Array, Array)
#9 /var/www/html/src/api/vendor/laravel/lumen-framework/src/Concerns/RoutesRequests.php(331): Laravel\\Lumen\\Application->callLumenController(Object(App\\Http\\Controllers\\PromoCodeController), 'create', Array)
#10 /var/www/html/src/api/vendor/laravel/lumen-framework/src/Concerns/RoutesRequests.php(284): Laravel\\Lumen\\Application->callControllerAction(Array)
#11 /var/www/html/src/api/vendor/laravel/lumen-framework/src/Concerns/RoutesRequests.php(269): Laravel\\Lumen\\Application->callActionOnArrayBasedRoute(Array)
#12 /var/www/html/src/api/vendor/laravel/lumen-framework/src/Concerns/RoutesRequests.php(171): Laravel\\Lumen\\Application->handleFoundRoute(Array)
#13 /var/www/html/src/api/vendor/laravel/lumen-framework/src/Concerns/RoutesRequests.php(431): Laravel\\Lumen\\Application->Laravel\\Lumen\\Concerns\\{closure}(Object(Illuminate\\Http\\Request))
#14 /var/www/html/src/api/vendor/laravel/lumen-framework/src/Concerns/RoutesRequests.php(177): Laravel\\Lumen\\Application->sendThroughPipeline(Array, Object(Closure))
#15 /var/www/html/src/api/vendor/laravel/lumen-framework/src/Concerns/RoutesRequests.php(95): Laravel\\Lumen\\Application->dispatch(Object(Illuminate\\Http\\Request))
#16 /var/www/html/src/api/index.php(30): Laravel\\Lumen\\Application->handle(Object(Illuminate\\Http\\Request))
#17 {main}
"} 
[2023-05-10 20:43:24] local.ERROR: Class App\Implementations\PromoCodeRepositoryImpl contains 1 abstract method and must therefore be declared abstract or implement the remaining methods (App\Repositories\PromoCodeRepository::find) {"exception":"[object] (Symfony\\Component\\ErrorHandler\\Error\\FatalError(code: 0): Class App\\Implementations\\PromoCodeRepositoryImpl contains 1 abstract method and must therefore be declared abstract or implement the remaining methods (App\\Repositories\\PromoCodeRepository::find) at /var/www/html/src/api/app/Implementations/PromoCodeRepositoryImpl.php:12)
[stacktrace]
#0 {main}
"} 
[2023-05-10 20:43:32] local.ERROR: Class App\Implementations\PromoCodeRepositoryImpl contains 1 abstract method and must therefore be declared abstract or implement the remaining methods (App\Repositories\PromoCodeRepository::find) {"exception":"[object] (Symfony\\Component\\ErrorHandler\\Error\\FatalError(code: 0): Class App\\Implementations\\PromoCodeRepositoryImpl contains 1 abstract method and must therefore be declared abstract or implement the remaining methods (App\\Repositories\\PromoCodeRepository::find) at /var/www/html/src/api/app/Implementations/PromoCodeRepositoryImpl.php:12)
[stacktrace]
#0 {main}
"} 
