[2023-05-12 20:04:13] local.ERROR: SQLSTATE[42S02]: Base table or view not found: 1146 Table 'hotelinking_db.users' doesn't exist (Connection: mysql, SQL: select count(*) as aggregate from `users` where `email` = horaciso@gmail.com) {"exception":"[object] (Illuminate\\Database\\QueryException(code: 42S02): SQLSTATE[42S02]: Base table or view not found: 1146 Table 'hotelinking_db.users' doesn't exist (Connection: mysql, SQL: select count(*) as aggregate from `users` where `email` = horaciso@gmail.com) at /var/www/html/src/api/vendor/illuminate/database/Connection.php:793)
[stacktrace]
#0 /var/www/html/src/api/vendor/illuminate/database/Connection.php(753): Illuminate\\Database\\Connection->runQueryCallback('select count(*)...', Array, Object(Closure))
#1 /var/www/html/src/api/vendor/illuminate/database/Connection.php(422): Illuminate\\Database\\Connection->run('select count(*)...', Array, Object(Closure))
#2 /var/www/html/src/api/vendor/illuminate/database/Query/Builder.php(2719): Illuminate\\Database\\Connection->select('select count(*)...', Array, false)
#3 /var/www/html/src/api/vendor/illuminate/database/Query/Builder.php(2707): Illuminate\\Database\\Query\\Builder->runSelect()
#4 /var/www/html/src/api/vendor/illuminate/database/Query/Builder.php(3248): Illuminate\\Database\\Query\\Builder->Illuminate\\Database\\Query\\{closure}()
#5 /var/www/html/src/api/vendor/illuminate/database/Query/Builder.php(2708): Illuminate\\Database\\Query\\Builder->onceWithColumns(Array, Object(Closure))
#6 /var/www/html/src/api/vendor/illuminate/database/Query/Builder.php(3175): Illuminate\\Database\\Query\\Builder->get(Array)
#7 /var/www/html/src/api/vendor/illuminate/database/Query/Builder.php(3103): Illuminate\\Database\\Query\\Builder->aggregate('count', Array)
#8 /var/www/html/src/api/vendor/illuminate/validation/DatabasePresenceVerifier.php(54): Illuminate\\Database\\Query\\Builder->count()
#9 /var/www/html/src/api/vendor/illuminate/validation/Concerns/ValidatesAttributes.php(931): Illuminate\\Validation\\DatabasePresenceVerifier->getCount('users', 'email', 'horaciso@gmail....', NULL, NULL, Array)
#10 /var/www/html/src/api/vendor/illuminate/validation/Validator.php(624): Illuminate\\Validation\\Validator->validateUnique('email', 'horaciso@gmail....', Array, Object(Illuminate\\Validation\\Validator))
#11 /var/www/html/src/api/vendor/illuminate/validation/Validator.php(430): Illuminate\\Validation\\Validator->validateAttribute('email', 'Unique')
#12 /var/www/html/src/api/vendor/illuminate/validation/Validator.php(461): Illuminate\\Validation\\Validator->passes()
#13 /var/www/html/src/api/vendor/laravel/lumen-framework/src/Routing/ProvidesConvenienceMethods.php(67): Illuminate\\Validation\\Validator->fails()
#14 /var/www/html/src/api/app/Http/Controllers/UserController.php(34): Laravel\\Lumen\\Routing\\Controller->validate(Object(Illuminate\\Http\\Request), Array)
#15 /var/www/html/src/api/vendor/illuminate/container/BoundMethod.php(36): App\\Http\\Controllers\\UserController->register(Object(Illuminate\\Http\\Request))
#16 /var/www/html/src/api/vendor/illuminate/container/Util.php(41): Illuminate\\Container\\BoundMethod::Illuminate\\Container\\{closure}()
#17 /var/www/html/src/api/vendor/illuminate/container/BoundMethod.php(93): Illuminate\\Container\\Util::unwrapIfClosure(Object(Closure))
#18 /var/www/html/src/api/vendor/illuminate/container/BoundMethod.php(37): Illuminate\\Container\\BoundMethod::callBoundMethod(Object(Laravel\\Lumen\\Application), Array, Object(Closure))
#19 /var/www/html/src/api/vendor/illuminate/container/Container.php(662): Illuminate\\Container\\BoundMethod::call(Object(Laravel\\Lumen\\Application), Array, Array, NULL)
#20 /var/www/html/src/api/vendor/laravel/lumen-framework/src/Concerns/RoutesRequests.php(391): Illuminate\\Container\\Container->call(Array, Array)
#21 /var/www/html/src/api/vendor/laravel/lumen-framework/src/Concerns/RoutesRequests.php(357): Laravel\\Lumen\\Application->callControllerCallable(Array, Array)
#22 /var/www/html/src/api/vendor/laravel/lumen-framework/src/Concerns/RoutesRequests.php(331): Laravel\\Lumen\\Application->callLumenController(Object(App\\Http\\Controllers\\UserController), 'register', Array)
#23 /var/www/html/src/api/vendor/laravel/lumen-framework/src/Concerns/RoutesRequests.php(284): Laravel\\Lumen\\Application->callControllerAction(Array)
#24 /var/www/html/src/api/vendor/laravel/lumen-framework/src/Concerns/RoutesRequests.php(269): Laravel\\Lumen\\Application->callActionOnArrayBasedRoute(Array)
#25 /var/www/html/src/api/vendor/laravel/lumen-framework/src/Concerns/RoutesRequests.php(171): Laravel\\Lumen\\Application->handleFoundRoute(Array)
#26 /var/www/html/src/api/vendor/laravel/lumen-framework/src/Concerns/RoutesRequests.php(431): Laravel\\Lumen\\Application->Laravel\\Lumen\\Concerns\\{closure}(Object(Illuminate\\Http\\Request))
#27 /var/www/html/src/api/vendor/laravel/lumen-framework/src/Concerns/RoutesRequests.php(177): Laravel\\Lumen\\Application->sendThroughPipeline(Array, Object(Closure))
#28 /var/www/html/src/api/vendor/laravel/lumen-framework/src/Concerns/RoutesRequests.php(95): Laravel\\Lumen\\Application->dispatch(Object(Illuminate\\Http\\Request))
#29 /var/www/html/src/api/index.php(30): Laravel\\Lumen\\Application->handle(Object(Illuminate\\Http\\Request))
#30 {main}

[previous exception] [object] (PDOException(code: 42S02): SQLSTATE[42S02]: Base table or view not found: 1146 Table 'hotelinking_db.users' doesn't exist at /var/www/html/src/api/vendor/illuminate/database/Connection.php:414)
[stacktrace]
#0 /var/www/html/src/api/vendor/illuminate/database/Connection.php(414): PDO->prepare('select count(*)...')
#1 /var/www/html/src/api/vendor/illuminate/database/Connection.php(786): Illuminate\\Database\\Connection->Illuminate\\Database\\{closure}('select count(*)...', Array)
#2 /var/www/html/src/api/vendor/illuminate/database/Connection.php(753): Illuminate\\Database\\Connection->runQueryCallback('select count(*)...', Array, Object(Closure))
#3 /var/www/html/src/api/vendor/illuminate/database/Connection.php(422): Illuminate\\Database\\Connection->run('select count(*)...', Array, Object(Closure))
#4 /var/www/html/src/api/vendor/illuminate/database/Query/Builder.php(2719): Illuminate\\Database\\Connection->select('select count(*)...', Array, false)
#5 /var/www/html/src/api/vendor/illuminate/database/Query/Builder.php(2707): Illuminate\\Database\\Query\\Builder->runSelect()
#6 /var/www/html/src/api/vendor/illuminate/database/Query/Builder.php(3248): Illuminate\\Database\\Query\\Builder->Illuminate\\Database\\Query\\{closure}()
#7 /var/www/html/src/api/vendor/illuminate/database/Query/Builder.php(2708): Illuminate\\Database\\Query\\Builder->onceWithColumns(Array, Object(Closure))
#8 /var/www/html/src/api/vendor/illuminate/database/Query/Builder.php(3175): Illuminate\\Database\\Query\\Builder->get(Array)
#9 /var/www/html/src/api/vendor/illuminate/database/Query/Builder.php(3103): Illuminate\\Database\\Query\\Builder->aggregate('count', Array)
#10 /var/www/html/src/api/vendor/illuminate/validation/DatabasePresenceVerifier.php(54): Illuminate\\Database\\Query\\Builder->count()
#11 /var/www/html/src/api/vendor/illuminate/validation/Concerns/ValidatesAttributes.php(931): Illuminate\\Validation\\DatabasePresenceVerifier->getCount('users', 'email', 'horaciso@gmail....', NULL, NULL, Array)
#12 /var/www/html/src/api/vendor/illuminate/validation/Validator.php(624): Illuminate\\Validation\\Validator->validateUnique('email', 'horaciso@gmail....', Array, Object(Illuminate\\Validation\\Validator))
#13 /var/www/html/src/api/vendor/illuminate/validation/Validator.php(430): Illuminate\\Validation\\Validator->validateAttribute('email', 'Unique')
#14 /var/www/html/src/api/vendor/illuminate/validation/Validator.php(461): Illuminate\\Validation\\Validator->passes()
#15 /var/www/html/src/api/vendor/laravel/lumen-framework/src/Routing/ProvidesConvenienceMethods.php(67): Illuminate\\Validation\\Validator->fails()
#16 /var/www/html/src/api/app/Http/Controllers/UserController.php(34): Laravel\\Lumen\\Routing\\Controller->validate(Object(Illuminate\\Http\\Request), Array)
#17 /var/www/html/src/api/vendor/illuminate/container/BoundMethod.php(36): App\\Http\\Controllers\\UserController->register(Object(Illuminate\\Http\\Request))
#18 /var/www/html/src/api/vendor/illuminate/container/Util.php(41): Illuminate\\Container\\BoundMethod::Illuminate\\Container\\{closure}()
#19 /var/www/html/src/api/vendor/illuminate/container/BoundMethod.php(93): Illuminate\\Container\\Util::unwrapIfClosure(Object(Closure))
#20 /var/www/html/src/api/vendor/illuminate/container/BoundMethod.php(37): Illuminate\\Container\\BoundMethod::callBoundMethod(Object(Laravel\\Lumen\\Application), Array, Object(Closure))
#21 /var/www/html/src/api/vendor/illuminate/container/Container.php(662): Illuminate\\Container\\BoundMethod::call(Object(Laravel\\Lumen\\Application), Array, Array, NULL)
#22 /var/www/html/src/api/vendor/laravel/lumen-framework/src/Concerns/RoutesRequests.php(391): Illuminate\\Container\\Container->call(Array, Array)
#23 /var/www/html/src/api/vendor/laravel/lumen-framework/src/Concerns/RoutesRequests.php(357): Laravel\\Lumen\\Application->callControllerCallable(Array, Array)
#24 /var/www/html/src/api/vendor/laravel/lumen-framework/src/Concerns/RoutesRequests.php(331): Laravel\\Lumen\\Application->callLumenController(Object(App\\Http\\Controllers\\UserController), 'register', Array)
#25 /var/www/html/src/api/vendor/laravel/lumen-framework/src/Concerns/RoutesRequests.php(284): Laravel\\Lumen\\Application->callControllerAction(Array)
#26 /var/www/html/src/api/vendor/laravel/lumen-framework/src/Concerns/RoutesRequests.php(269): Laravel\\Lumen\\Application->callActionOnArrayBasedRoute(Array)
#27 /var/www/html/src/api/vendor/laravel/lumen-framework/src/Concerns/RoutesRequests.php(171): Laravel\\Lumen\\Application->handleFoundRoute(Array)
#28 /var/www/html/src/api/vendor/laravel/lumen-framework/src/Concerns/RoutesRequests.php(431): Laravel\\Lumen\\Application->Laravel\\Lumen\\Concerns\\{closure}(Object(Illuminate\\Http\\Request))
#29 /var/www/html/src/api/vendor/laravel/lumen-framework/src/Concerns/RoutesRequests.php(177): Laravel\\Lumen\\Application->sendThroughPipeline(Array, Object(Closure))
#30 /var/www/html/src/api/vendor/laravel/lumen-framework/src/Concerns/RoutesRequests.php(95): Laravel\\Lumen\\Application->dispatch(Object(Illuminate\\Http\\Request))
#31 /var/www/html/src/api/index.php(30): Laravel\\Lumen\\Application->handle(Object(Illuminate\\Http\\Request))
#32 {main}
"} 
